[2021-02-13 00:41:45 WAT] INFO [Service Name -> bookstore-api-gateway-service], [TraceId -> ], [SpanId -> ] 
      <main> org.springframework.context.support.PostProcessorRegistrationDelegate$BeanPostProcessorChecker : Bean 'org.springframework.cloud.autoconfigure.ConfigurationPropertiesRebinderAutoConfiguration' of type [org.springframework.cloud.autoconfigure.ConfigurationPropertiesRebinderAutoConfiguration$$EnhancerBySpringCGLIB$$86f05f99] is not eligible for getting processed by all BeanPostProcessors (for example: not eligible for auto-proxying)
[2021-02-13 00:41:48 WAT] INFO [Service Name -> bookstore-api-gateway-service], [TraceId -> ], [SpanId -> ] 
      <main> com.devd.spring.bookstoreapigatewayservice.BookstoreApiGatewayServiceApplication : The following profiles are active: local
[2021-02-13 00:41:55 WAT] WARN [Service Name -> bookstore-api-gateway-service], [TraceId -> ], [SpanId -> ] 
      <main> org.springframework.boot.actuate.endpoint.EndpointId : Endpoint ID 'service-registry' contains invalid characters, please migrate to a valid format.
[2021-02-13 00:41:55 WAT] WARN [Service Name -> bookstore-api-gateway-service], [TraceId -> ], [SpanId -> ] 
      <main> org.springframework.boot.actuate.endpoint.EndpointId : Endpoint ID 'hystrix.stream' contains invalid characters, please migrate to a valid format.
[2021-02-13 00:41:57 WAT] INFO [Service Name -> bookstore-api-gateway-service], [TraceId -> ], [SpanId -> ] 
      <main> org.springframework.cloud.context.scope.GenericScope : BeanFactory id=e10e2403-0b87-3751-939e-69544f9206e1
[2021-02-13 00:41:57 WAT] INFO [Service Name -> bookstore-api-gateway-service], [TraceId -> ], [SpanId -> ] 
      <main> org.springframework.integration.config.DefaultConfiguringBeanFactoryPostProcessor : No bean named 'errorChannel' has been explicitly defined. Therefore, a default PublishSubscribeChannel will be created.
[2021-02-13 00:41:57 WAT] INFO [Service Name -> bookstore-api-gateway-service], [TraceId -> ], [SpanId -> ] 
      <main> org.springframework.integration.config.DefaultConfiguringBeanFactoryPostProcessor : No bean named 'taskScheduler' has been explicitly defined. Therefore, a default ThreadPoolTaskScheduler will be created.
[2021-02-13 00:41:57 WAT] INFO [Service Name -> bookstore-api-gateway-service], [TraceId -> ], [SpanId -> ] 
      <main> org.springframework.integration.config.DefaultConfiguringBeanFactoryPostProcessor : No bean named 'integrationHeaderChannelRegistry' has been explicitly defined. Therefore, a default DefaultHeaderChannelRegistry will be created.
[2021-02-13 00:41:58 WAT] INFO [Service Name -> bookstore-api-gateway-service], [TraceId -> ], [SpanId -> ] 
      <main> org.springframework.context.support.PostProcessorRegistrationDelegate$BeanPostProcessorChecker : Bean 'org.springframework.integration.config.IntegrationManagementConfiguration' of type [org.springframework.integration.config.IntegrationManagementConfiguration$$EnhancerBySpringCGLIB$$d5c817cb] is not eligible for getting processed by all BeanPostProcessors (for example: not eligible for auto-proxying)
[2021-02-13 00:41:58 WAT] INFO [Service Name -> bookstore-api-gateway-service], [TraceId -> ], [SpanId -> ] 
      <main> org.springframework.context.support.PostProcessorRegistrationDelegate$BeanPostProcessorChecker : Bean 'org.springframework.boot.autoconfigure.integration.IntegrationAutoConfiguration$IntegrationJmxConfiguration' of type [org.springframework.boot.autoconfigure.integration.IntegrationAutoConfiguration$IntegrationJmxConfiguration$$EnhancerBySpringCGLIB$$b15a22eb] is not eligible for getting processed by all BeanPostProcessors (for example: not eligible for auto-proxying)
[2021-02-13 00:41:58 WAT] INFO [Service Name -> bookstore-api-gateway-service], [TraceId -> ], [SpanId -> ] 
      <main> org.springframework.context.support.PostProcessorRegistrationDelegate$BeanPostProcessorChecker : Bean 'org.springframework.boot.autoconfigure.jmx.JmxAutoConfiguration' of type [org.springframework.boot.autoconfigure.jmx.JmxAutoConfiguration$$EnhancerBySpringCGLIB$$ea41cbb8] is not eligible for getting processed by all BeanPostProcessors (for example: not eligible for auto-proxying)
[2021-02-13 00:41:58 WAT] INFO [Service Name -> bookstore-api-gateway-service], [TraceId -> ], [SpanId -> ] 
      <main> org.springframework.context.support.PostProcessorRegistrationDelegate$BeanPostProcessorChecker : Bean 'mbeanServer' of type [com.sun.jmx.mbeanserver.JmxMBeanServer] is not eligible for getting processed by all BeanPostProcessors (for example: not eligible for auto-proxying)
[2021-02-13 00:41:59 WAT] INFO [Service Name -> bookstore-api-gateway-service], [TraceId -> ], [SpanId -> ] 
      <main> org.springframework.context.support.PostProcessorRegistrationDelegate$BeanPostProcessorChecker : Bean 'integrationDisposableAutoCreatedBeans' of type [org.springframework.integration.config.annotation.Disposables] is not eligible for getting processed by all BeanPostProcessors (for example: not eligible for auto-proxying)
[2021-02-13 00:41:59 WAT] INFO [Service Name -> bookstore-api-gateway-service], [TraceId -> ], [SpanId -> ] 
      <main> org.springframework.context.support.PostProcessorRegistrationDelegate$BeanPostProcessorChecker : Bean 'org.springframework.cloud.autoconfigure.ConfigurationPropertiesRebinderAutoConfiguration' of type [org.springframework.cloud.autoconfigure.ConfigurationPropertiesRebinderAutoConfiguration$$EnhancerBySpringCGLIB$$86f05f99] is not eligible for getting processed by all BeanPostProcessors (for example: not eligible for auto-proxying)
[2021-02-13 00:42:02 WAT] INFO [Service Name -> bookstore-api-gateway-service], [TraceId -> ], [SpanId -> ] 
      <main> org.springframework.boot.web.embedded.tomcat.TomcatWebServer : Tomcat initialized with port(s): 8765 (http)
[2021-02-13 00:42:02 WAT] INFO [Service Name -> bookstore-api-gateway-service], [TraceId -> ], [SpanId -> ] 
      <main> org.apache.coyote.http11.Http11NioProtocol : Initializing ProtocolHandler ["http-nio-8765"]
[2021-02-13 00:42:02 WAT] INFO [Service Name -> bookstore-api-gateway-service], [TraceId -> ], [SpanId -> ] 
      <main> org.apache.catalina.core.StandardService : Starting service [Tomcat]
[2021-02-13 00:42:02 WAT] INFO [Service Name -> bookstore-api-gateway-service], [TraceId -> ], [SpanId -> ] 
      <main> org.apache.catalina.core.StandardEngine : Starting Servlet engine: [Apache Tomcat/9.0.17]
[2021-02-13 00:42:03 WAT] INFO [Service Name -> bookstore-api-gateway-service], [TraceId -> ], [SpanId -> ] 
      <main> org.apache.catalina.core.ContainerBase.[Tomcat].[localhost].[/] : Initializing Spring embedded WebApplicationContext
[2021-02-13 00:42:03 WAT] INFO [Service Name -> bookstore-api-gateway-service], [TraceId -> ], [SpanId -> ] 
      <main> org.springframework.web.context.ContextLoader : Root WebApplicationContext: initialization completed in 14842 ms
[2021-02-13 00:42:05 WAT] WARN [Service Name -> bookstore-api-gateway-service], [TraceId -> ], [SpanId -> ] 
      <main> com.netflix.config.sources.URLConfigurationSource : No URLs will be polled as dynamic configuration sources.
[2021-02-13 00:42:05 WAT] INFO [Service Name -> bookstore-api-gateway-service], [TraceId -> ], [SpanId -> ] 
      <main> com.netflix.config.sources.URLConfigurationSource : To enable URLs as dynamic configuration sources, define System property archaius.configurationSource.additionalUrls or make config.properties available on classpath.
[2021-02-13 00:42:05 WAT] INFO [Service Name -> bookstore-api-gateway-service], [TraceId -> ], [SpanId -> ] 
      <main> com.netflix.config.DynamicPropertyFactory : DynamicPropertyFactory is initialized with configuration sources: com.netflix.config.ConcurrentCompositeConfiguration@486e3bab
[2021-02-13 00:42:19 WAT] INFO [Service Name -> bookstore-api-gateway-service], [TraceId -> ], [SpanId -> ] 
      <main> org.springframework.boot.actuate.endpoint.web.ServletEndpointRegistrar : Registered '/actuator/hystrix.stream' to hystrix.stream-actuator-endpoint
[2021-02-13 00:42:20 WAT] WARN [Service Name -> bookstore-api-gateway-service], [TraceId -> ], [SpanId -> ] 
      <main> com.netflix.config.sources.URLConfigurationSource : No URLs will be polled as dynamic configuration sources.
[2021-02-13 00:42:20 WAT] INFO [Service Name -> bookstore-api-gateway-service], [TraceId -> ], [SpanId -> ] 
      <main> com.netflix.config.sources.URLConfigurationSource : To enable URLs as dynamic configuration sources, define System property archaius.configurationSource.additionalUrls or make config.properties available on classpath.
[2021-02-13 00:42:22 WAT] INFO [Service Name -> bookstore-api-gateway-service], [TraceId -> ], [SpanId -> ] 
      <main> org.springframework.scheduling.concurrent.ThreadPoolTaskExecutor : Initializing ExecutorService 'applicationTaskExecutor'
[2021-02-13 00:42:28 WAT] WARN [Service Name -> bookstore-api-gateway-service], [TraceId -> ], [SpanId -> ] 
      <main> org.springframework.cloud.netflix.core.CoreAutoConfiguration : This module is deprecated. It will be removed in the next major release. Please use spring-cloud-netflix-hystrix instead.
[2021-02-13 00:42:30 WAT] INFO [Service Name -> bookstore-api-gateway-service], [TraceId -> ], [SpanId -> ] 
      <main> org.springframework.cloud.netflix.zuul.ZuulFilterInitializer : Starting filter initializer
[2021-02-13 00:42:31 WAT] INFO [Service Name -> bookstore-api-gateway-service], [TraceId -> ], [SpanId -> ] 
      <main> org.springframework.boot.actuate.endpoint.web.EndpointLinksResolver : Exposing 24 endpoint(s) beneath base path '/actuator'
[2021-02-13 00:42:31 WAT] INFO [Service Name -> bookstore-api-gateway-service], [TraceId -> ], [SpanId -> ] 
      <main> org.springframework.scheduling.concurrent.ThreadPoolTaskScheduler : Initializing ExecutorService 'taskScheduler'
[2021-02-13 00:42:32 WAT] INFO [Service Name -> bookstore-api-gateway-service], [TraceId -> ], [SpanId -> ] 
      <main> org.springframework.integration.monitor.IntegrationMBeanExporter : Registering MessageChannel errorChannel
[2021-02-13 00:42:33 WAT] INFO [Service Name -> bookstore-api-gateway-service], [TraceId -> ], [SpanId -> ] 
      <main> org.springframework.integration.monitor.IntegrationMBeanExporter : Registering MessageChannel nullChannel
[2021-02-13 00:42:33 WAT] INFO [Service Name -> bookstore-api-gateway-service], [TraceId -> ], [SpanId -> ] 
      <main> org.springframework.integration.monitor.IntegrationMBeanExporter : Registering MessageHandler errorLogger
[2021-02-13 00:42:33 WAT] INFO [Service Name -> bookstore-api-gateway-service], [TraceId -> ], [SpanId -> ] 
      <main> org.springframework.integration.endpoint.EventDrivenConsumer : Adding {logging-channel-adapter:_org.springframework.integration.errorLogger} as a subscriber to the 'errorChannel' channel
[2021-02-13 00:42:33 WAT] INFO [Service Name -> bookstore-api-gateway-service], [TraceId -> ], [SpanId -> ] 
      <main> org.springframework.integration.channel.PublishSubscribeChannel : Channel 'bookstore-api-gateway-service-1.errorChannel' has 1 subscriber(s).
[2021-02-13 00:42:33 WAT] INFO [Service Name -> bookstore-api-gateway-service], [TraceId -> ], [SpanId -> ] 
      <main> org.springframework.integration.endpoint.EventDrivenConsumer : started _org.springframework.integration.errorLogger
[2021-02-13 00:42:33 WAT] INFO [Service Name -> bookstore-api-gateway-service], [TraceId -> ], [SpanId -> ] 
      <main> org.springframework.cloud.netflix.eureka.InstanceInfoFactory : Setting initial instance status as: STARTING
[2021-02-13 00:42:34 WAT] INFO [Service Name -> bookstore-api-gateway-service], [TraceId -> ], [SpanId -> ] 
      <main> com.netflix.discovery.DiscoveryClient : Initializing Eureka in region us-east-1
[2021-02-13 00:42:34 WAT] INFO [Service Name -> bookstore-api-gateway-service], [TraceId -> ], [SpanId -> ] 
      <main> com.netflix.discovery.provider.DiscoveryJerseyProvider : Using JSON encoding codec LegacyJacksonJson
[2021-02-13 00:42:34 WAT] INFO [Service Name -> bookstore-api-gateway-service], [TraceId -> ], [SpanId -> ] 
      <main> com.netflix.discovery.provider.DiscoveryJerseyProvider : Using JSON decoding codec LegacyJacksonJson
[2021-02-13 00:42:34 WAT] INFO [Service Name -> bookstore-api-gateway-service], [TraceId -> ], [SpanId -> ] 
      <main> com.netflix.discovery.provider.DiscoveryJerseyProvider : Using XML encoding codec XStreamXml
[2021-02-13 00:42:34 WAT] INFO [Service Name -> bookstore-api-gateway-service], [TraceId -> ], [SpanId -> ] 
      <main> com.netflix.discovery.provider.DiscoveryJerseyProvider : Using XML decoding codec XStreamXml
[2021-02-13 00:42:35 WAT] INFO [Service Name -> bookstore-api-gateway-service], [TraceId -> ], [SpanId -> ] 
      <main> com.netflix.discovery.shared.resolver.aws.ConfigClusterResolver : Resolving eureka endpoints via configuration
[2021-02-13 00:42:37 WAT] INFO [Service Name -> bookstore-api-gateway-service], [TraceId -> ], [SpanId -> ] 
      <main> com.netflix.discovery.DiscoveryClient : Disable delta property : false
[2021-02-13 00:42:37 WAT] INFO [Service Name -> bookstore-api-gateway-service], [TraceId -> ], [SpanId -> ] 
      <main> com.netflix.discovery.DiscoveryClient : Single vip registry refresh property : null
[2021-02-13 00:42:37 WAT] INFO [Service Name -> bookstore-api-gateway-service], [TraceId -> ], [SpanId -> ] 
      <main> com.netflix.discovery.DiscoveryClient : Force full registry fetch : false
[2021-02-13 00:42:37 WAT] INFO [Service Name -> bookstore-api-gateway-service], [TraceId -> ], [SpanId -> ] 
      <main> com.netflix.discovery.DiscoveryClient : Application is null : false
[2021-02-13 00:42:37 WAT] INFO [Service Name -> bookstore-api-gateway-service], [TraceId -> ], [SpanId -> ] 
      <main> com.netflix.discovery.DiscoveryClient : Registered Applications size is zero : true
[2021-02-13 00:42:37 WAT] INFO [Service Name -> bookstore-api-gateway-service], [TraceId -> ], [SpanId -> ] 
      <main> com.netflix.discovery.DiscoveryClient : Application version is -1: true
[2021-02-13 00:42:37 WAT] INFO [Service Name -> bookstore-api-gateway-service], [TraceId -> ], [SpanId -> ] 
      <main> com.netflix.discovery.DiscoveryClient : Getting all instance registry info from the eureka server
[2021-02-13 00:42:38 WAT] INFO [Service Name -> bookstore-api-gateway-service], [TraceId -> ], [SpanId -> ] 
      <main> com.netflix.discovery.DiscoveryClient : The response status is 200
[2021-02-13 00:42:38 WAT] INFO [Service Name -> bookstore-api-gateway-service], [TraceId -> ], [SpanId -> ] 
      <main> com.netflix.discovery.DiscoveryClient : Starting heartbeat executor: renew interval is: 30
[2021-02-13 00:42:38 WAT] INFO [Service Name -> bookstore-api-gateway-service], [TraceId -> ], [SpanId -> ] 
      <main> com.netflix.discovery.InstanceInfoReplicator : InstanceInfoReplicator onDemand update allowed rate per min is 4
[2021-02-13 00:42:38 WAT] INFO [Service Name -> bookstore-api-gateway-service], [TraceId -> ], [SpanId -> ] 
      <main> com.netflix.discovery.DiscoveryClient : Discovery Client initialized at timestamp 1613173358917 with initial instances count: 0
[2021-02-13 00:42:39 WAT] INFO [Service Name -> bookstore-api-gateway-service], [TraceId -> ], [SpanId -> ] 
      <main> org.springframework.cloud.netflix.eureka.serviceregistry.EurekaServiceRegistry : Registering application BOOKSTORE-API-GATEWAY-SERVICE with eureka with status UP
[2021-02-13 00:42:39 WAT] INFO [Service Name -> bookstore-api-gateway-service], [TraceId -> ], [SpanId -> ] 
      <main> com.netflix.discovery.DiscoveryClient : Saw local status change event StatusChangeEvent [timestamp=1613173359047, current=UP, previous=STARTING]
[2021-02-13 00:42:39 WAT] INFO [Service Name -> bookstore-api-gateway-service], [TraceId -> ], [SpanId -> ] 
      <DiscoveryClient-InstanceInfoReplicator-0> com.netflix.discovery.DiscoveryClient : DiscoveryClient_BOOKSTORE-API-GATEWAY-SERVICE/192.168.253.160:bookstore-api-gateway-service:8765: registering service...
[2021-02-13 00:42:39 WAT] INFO [Service Name -> bookstore-api-gateway-service], [TraceId -> ], [SpanId -> ] 
      <main> org.apache.coyote.http11.Http11NioProtocol : Starting ProtocolHandler ["http-nio-8765"]
[2021-02-13 00:42:39 WAT] INFO [Service Name -> bookstore-api-gateway-service], [TraceId -> ], [SpanId -> ] 
      <main> org.springframework.boot.web.embedded.tomcat.TomcatWebServer : Tomcat started on port(s): 8765 (http) with context path ''
[2021-02-13 00:42:39 WAT] INFO [Service Name -> bookstore-api-gateway-service], [TraceId -> ], [SpanId -> ] 
      <main> org.springframework.cloud.netflix.eureka.serviceregistry.EurekaAutoServiceRegistration : Updating port to 8765
[2021-02-13 00:42:39 WAT] INFO [Service Name -> bookstore-api-gateway-service], [TraceId -> ], [SpanId -> ] 
      <main> com.devd.spring.bookstoreapigatewayservice.BookstoreApiGatewayServiceApplication : Started BookstoreApiGatewayServiceApplication in 60.323 seconds (JVM running for 92.757)
[2021-02-13 00:42:40 WAT] INFO [Service Name -> bookstore-api-gateway-service], [TraceId -> ], [SpanId -> ] 
      <DiscoveryClient-InstanceInfoReplicator-0> com.netflix.discovery.DiscoveryClient : DiscoveryClient_BOOKSTORE-API-GATEWAY-SERVICE/192.168.253.160:bookstore-api-gateway-service:8765 - registration status: 204
[2021-02-13 00:42:41 WAT] INFO [Service Name -> bookstore-api-gateway-service], [TraceId -> ], [SpanId -> ] 
      <main> com.netflix.config.ChainedDynamicProperty : Flipping property: bookstore-billing-service.ribbon.ActiveConnectionsLimit to use NEXT property: niws.loadbalancer.availabilityFilteringRule.activeConnectionsLimit = 2147483647
[2021-02-13 00:42:41 WAT] INFO [Service Name -> bookstore-api-gateway-service], [TraceId -> ], [SpanId -> ] 
      <main> com.netflix.util.concurrent.ShutdownEnabledTimer : Shutdown hook installed for: NFLoadBalancer-PingTimer-bookstore-billing-service
[2021-02-13 00:42:41 WAT] INFO [Service Name -> bookstore-api-gateway-service], [TraceId -> ], [SpanId -> ] 
      <main> com.netflix.loadbalancer.BaseLoadBalancer : Client: bookstore-billing-service instantiated a LoadBalancer: DynamicServerListLoadBalancer:{NFLoadBalancer:name=bookstore-billing-service,current list of Servers=[],Load balancer stats=Zone stats: {},Server stats: []}ServerList:null
[2021-02-13 00:42:41 WAT] INFO [Service Name -> bookstore-api-gateway-service], [TraceId -> ], [SpanId -> ] 
      <main> com.netflix.loadbalancer.DynamicServerListLoadBalancer : Using serverListUpdater PollingServerListUpdater
[2021-02-13 00:42:41 WAT] INFO [Service Name -> bookstore-api-gateway-service], [TraceId -> ], [SpanId -> ] 
      <main> com.netflix.loadbalancer.DynamicServerListLoadBalancer : DynamicServerListLoadBalancer for client bookstore-billing-service initialized: DynamicServerListLoadBalancer:{NFLoadBalancer:name=bookstore-billing-service,current list of Servers=[],Load balancer stats=Zone stats: {},Server stats: []}ServerList:org.springframework.cloud.netflix.ribbon.eureka.DomainExtractingServerList@6174ea80
[2021-02-13 00:42:42 WAT] INFO [Service Name -> bookstore-api-gateway-service], [TraceId -> ], [SpanId -> ] 
      <main> com.netflix.config.ChainedDynamicProperty : Flipping property: bookstore-catalog-service.ribbon.ActiveConnectionsLimit to use NEXT property: niws.loadbalancer.availabilityFilteringRule.activeConnectionsLimit = 2147483647
[2021-02-13 00:42:42 WAT] INFO [Service Name -> bookstore-api-gateway-service], [TraceId -> ], [SpanId -> ] 
      <main> com.netflix.util.concurrent.ShutdownEnabledTimer : Shutdown hook installed for: NFLoadBalancer-PingTimer-bookstore-catalog-service
[2021-02-13 00:42:42 WAT] INFO [Service Name -> bookstore-api-gateway-service], [TraceId -> ], [SpanId -> ] 
      <main> com.netflix.loadbalancer.BaseLoadBalancer : Client: bookstore-catalog-service instantiated a LoadBalancer: DynamicServerListLoadBalancer:{NFLoadBalancer:name=bookstore-catalog-service,current list of Servers=[],Load balancer stats=Zone stats: {},Server stats: []}ServerList:null
[2021-02-13 00:42:42 WAT] INFO [Service Name -> bookstore-api-gateway-service], [TraceId -> ], [SpanId -> ] 
      <main> com.netflix.loadbalancer.DynamicServerListLoadBalancer : Using serverListUpdater PollingServerListUpdater
[2021-02-13 00:42:42 WAT] INFO [Service Name -> bookstore-api-gateway-service], [TraceId -> ], [SpanId -> ] 
      <main> com.netflix.loadbalancer.DynamicServerListLoadBalancer : DynamicServerListLoadBalancer for client bookstore-catalog-service initialized: DynamicServerListLoadBalancer:{NFLoadBalancer:name=bookstore-catalog-service,current list of Servers=[],Load balancer stats=Zone stats: {},Server stats: []}ServerList:org.springframework.cloud.netflix.ribbon.eureka.DomainExtractingServerList@11b0458f
[2021-02-13 00:42:42 WAT] INFO [Service Name -> bookstore-api-gateway-service], [TraceId -> ], [SpanId -> ] 
      <main> com.netflix.config.ChainedDynamicProperty : Flipping property: bookstore-account-service.ribbon.ActiveConnectionsLimit to use NEXT property: niws.loadbalancer.availabilityFilteringRule.activeConnectionsLimit = 2147483647
[2021-02-13 00:42:42 WAT] INFO [Service Name -> bookstore-api-gateway-service], [TraceId -> ], [SpanId -> ] 
      <main> com.netflix.util.concurrent.ShutdownEnabledTimer : Shutdown hook installed for: NFLoadBalancer-PingTimer-bookstore-account-service
[2021-02-13 00:42:42 WAT] INFO [Service Name -> bookstore-api-gateway-service], [TraceId -> ], [SpanId -> ] 
      <main> com.netflix.loadbalancer.BaseLoadBalancer : Client: bookstore-account-service instantiated a LoadBalancer: DynamicServerListLoadBalancer:{NFLoadBalancer:name=bookstore-account-service,current list of Servers=[],Load balancer stats=Zone stats: {},Server stats: []}ServerList:null
[2021-02-13 00:42:42 WAT] INFO [Service Name -> bookstore-api-gateway-service], [TraceId -> ], [SpanId -> ] 
      <main> com.netflix.loadbalancer.DynamicServerListLoadBalancer : Using serverListUpdater PollingServerListUpdater
[2021-02-13 00:42:42 WAT] INFO [Service Name -> bookstore-api-gateway-service], [TraceId -> ], [SpanId -> ] 
      <main> com.netflix.loadbalancer.DynamicServerListLoadBalancer : DynamicServerListLoadBalancer for client bookstore-account-service initialized: DynamicServerListLoadBalancer:{NFLoadBalancer:name=bookstore-account-service,current list of Servers=[],Load balancer stats=Zone stats: {},Server stats: []}ServerList:org.springframework.cloud.netflix.ribbon.eureka.DomainExtractingServerList@68ed7047
[2021-02-13 00:42:42 WAT] INFO [Service Name -> bookstore-api-gateway-service], [TraceId -> ], [SpanId -> ] 
      <main> com.netflix.config.ChainedDynamicProperty : Flipping property: bookstore-order-service.ribbon.ActiveConnectionsLimit to use NEXT property: niws.loadbalancer.availabilityFilteringRule.activeConnectionsLimit = 2147483647
[2021-02-13 00:42:42 WAT] INFO [Service Name -> bookstore-api-gateway-service], [TraceId -> ], [SpanId -> ] 
      <main> com.netflix.util.concurrent.ShutdownEnabledTimer : Shutdown hook installed for: NFLoadBalancer-PingTimer-bookstore-order-service
[2021-02-13 00:42:42 WAT] INFO [Service Name -> bookstore-api-gateway-service], [TraceId -> ], [SpanId -> ] 
      <main> com.netflix.loadbalancer.BaseLoadBalancer : Client: bookstore-order-service instantiated a LoadBalancer: DynamicServerListLoadBalancer:{NFLoadBalancer:name=bookstore-order-service,current list of Servers=[],Load balancer stats=Zone stats: {},Server stats: []}ServerList:null
[2021-02-13 00:42:42 WAT] INFO [Service Name -> bookstore-api-gateway-service], [TraceId -> ], [SpanId -> ] 
      <main> com.netflix.loadbalancer.DynamicServerListLoadBalancer : Using serverListUpdater PollingServerListUpdater
[2021-02-13 00:42:42 WAT] INFO [Service Name -> bookstore-api-gateway-service], [TraceId -> ], [SpanId -> ] 
      <main> com.netflix.loadbalancer.DynamicServerListLoadBalancer : DynamicServerListLoadBalancer for client bookstore-order-service initialized: DynamicServerListLoadBalancer:{NFLoadBalancer:name=bookstore-order-service,current list of Servers=[],Load balancer stats=Zone stats: {},Server stats: []}ServerList:org.springframework.cloud.netflix.ribbon.eureka.DomainExtractingServerList@6da6eda8
[2021-02-13 00:43:09 WAT] INFO [Service Name -> bookstore-api-gateway-service], [TraceId -> ], [SpanId -> ] 
      <DiscoveryClient-CacheRefreshExecutor-0> com.netflix.discovery.DiscoveryClient : Disable delta property : false
[2021-02-13 00:43:09 WAT] INFO [Service Name -> bookstore-api-gateway-service], [TraceId -> ], [SpanId -> ] 
      <DiscoveryClient-CacheRefreshExecutor-0> com.netflix.discovery.DiscoveryClient : Single vip registry refresh property : null
[2021-02-13 00:43:09 WAT] INFO [Service Name -> bookstore-api-gateway-service], [TraceId -> ], [SpanId -> ] 
      <DiscoveryClient-CacheRefreshExecutor-0> com.netflix.discovery.DiscoveryClient : Force full registry fetch : false
[2021-02-13 00:43:09 WAT] INFO [Service Name -> bookstore-api-gateway-service], [TraceId -> ], [SpanId -> ] 
      <DiscoveryClient-CacheRefreshExecutor-0> com.netflix.discovery.DiscoveryClient : Application is null : false
[2021-02-13 00:43:09 WAT] INFO [Service Name -> bookstore-api-gateway-service], [TraceId -> ], [SpanId -> ] 
      <DiscoveryClient-CacheRefreshExecutor-0> com.netflix.discovery.DiscoveryClient : Registered Applications size is zero : true
[2021-02-13 00:43:09 WAT] INFO [Service Name -> bookstore-api-gateway-service], [TraceId -> ], [SpanId -> ] 
      <DiscoveryClient-CacheRefreshExecutor-0> com.netflix.discovery.DiscoveryClient : Application version is -1: false
[2021-02-13 00:43:09 WAT] INFO [Service Name -> bookstore-api-gateway-service], [TraceId -> ], [SpanId -> ] 
      <DiscoveryClient-CacheRefreshExecutor-0> com.netflix.discovery.DiscoveryClient : Getting all instance registry info from the eureka server
[2021-02-13 00:43:09 WAT] INFO [Service Name -> bookstore-api-gateway-service], [TraceId -> ], [SpanId -> ] 
      <DiscoveryClient-CacheRefreshExecutor-0> com.netflix.discovery.DiscoveryClient : The response status is 200
[2021-02-13 00:46:13 WAT] INFO [Service Name -> bookstore-api-gateway-service], [TraceId -> ], [SpanId -> ] 
      <PollingServerListUpdater-1> com.netflix.config.ChainedDynamicProperty : Flipping property: bookstore-billing-service.ribbon.ActiveConnectionsLimit to use NEXT property: niws.loadbalancer.availabilityFilteringRule.activeConnectionsLimit = 2147483647
[2021-02-13 00:46:14 WAT] INFO [Service Name -> bookstore-api-gateway-service], [TraceId -> ], [SpanId -> ] 
      <PollingServerListUpdater-1> com.netflix.config.ChainedDynamicProperty : Flipping property: bookstore-account-service.ribbon.ActiveConnectionsLimit to use NEXT property: niws.loadbalancer.availabilityFilteringRule.activeConnectionsLimit = 2147483647
[2021-02-13 00:47:13 WAT] INFO [Service Name -> bookstore-api-gateway-service], [TraceId -> ], [SpanId -> ] 
      <PollingServerListUpdater-1> com.netflix.config.ChainedDynamicProperty : Flipping property: bookstore-catalog-service.ribbon.ActiveConnectionsLimit to use NEXT property: niws.loadbalancer.availabilityFilteringRule.activeConnectionsLimit = 2147483647
[2021-02-13 00:47:37 WAT] INFO [Service Name -> bookstore-api-gateway-service], [TraceId -> ], [SpanId -> ] 
      <AsyncResolver-bootstrap-executor-0> com.netflix.discovery.shared.resolver.aws.ConfigClusterResolver : Resolving eureka endpoints via configuration
[2021-02-13 00:48:44 WAT] INFO [Service Name -> bookstore-api-gateway-service], [TraceId -> ], [SpanId -> ] 
      <PollingServerListUpdater-0> com.netflix.config.ChainedDynamicProperty : Flipping property: bookstore-order-service.ribbon.ActiveConnectionsLimit to use NEXT property: niws.loadbalancer.availabilityFilteringRule.activeConnectionsLimit = 2147483647
[2021-02-13 00:52:37 WAT] INFO [Service Name -> bookstore-api-gateway-service], [TraceId -> ], [SpanId -> ] 
      <AsyncResolver-bootstrap-executor-0> com.netflix.discovery.shared.resolver.aws.ConfigClusterResolver : Resolving eureka endpoints via configuration
[2021-02-13 00:57:37 WAT] INFO [Service Name -> bookstore-api-gateway-service], [TraceId -> ], [SpanId -> ] 
      <AsyncResolver-bootstrap-executor-0> com.netflix.discovery.shared.resolver.aws.ConfigClusterResolver : Resolving eureka endpoints via configuration
[2021-02-13 01:02:12 WAT] INFO [Service Name -> bookstore-api-gateway-service], [TraceId -> ], [SpanId -> ] 
      <http-nio-8765-exec-5> org.apache.catalina.core.ContainerBase.[Tomcat].[localhost].[/] : Initializing Spring DispatcherServlet 'dispatcherServlet'
[2021-02-13 01:02:12 WAT] INFO [Service Name -> bookstore-api-gateway-service], [TraceId -> ], [SpanId -> ] 
      <http-nio-8765-exec-5> org.springframework.web.servlet.DispatcherServlet : Initializing Servlet 'dispatcherServlet'
[2021-02-13 01:02:12 WAT] INFO [Service Name -> bookstore-api-gateway-service], [TraceId -> ], [SpanId -> ] 
      <http-nio-8765-exec-5> org.springframework.web.servlet.DispatcherServlet : Completed initialization in 37 ms
[2021-02-13 01:02:19 WAT] INFO [Service Name -> bookstore-api-gateway-service], [TraceId -> ], [SpanId -> ] 
      <AsyncReporter{org.springframework.cloud.sleuth.zipkin2.sender.RestTemplateSender@2148a965}> com.netflix.config.ChainedDynamicProperty : Flipping property: localhost.ribbon.ActiveConnectionsLimit to use NEXT property: niws.loadbalancer.availabilityFilteringRule.activeConnectionsLimit = 2147483647
[2021-02-13 01:02:19 WAT] INFO [Service Name -> bookstore-api-gateway-service], [TraceId -> ], [SpanId -> ] 
      <AsyncReporter{org.springframework.cloud.sleuth.zipkin2.sender.RestTemplateSender@2148a965}> com.netflix.util.concurrent.ShutdownEnabledTimer : Shutdown hook installed for: NFLoadBalancer-PingTimer-localhost
[2021-02-13 01:02:19 WAT] INFO [Service Name -> bookstore-api-gateway-service], [TraceId -> ], [SpanId -> ] 
      <AsyncReporter{org.springframework.cloud.sleuth.zipkin2.sender.RestTemplateSender@2148a965}> com.netflix.loadbalancer.BaseLoadBalancer : Client: localhost instantiated a LoadBalancer: DynamicServerListLoadBalancer:{NFLoadBalancer:name=localhost,current list of Servers=[],Load balancer stats=Zone stats: {},Server stats: []}ServerList:null
[2021-02-13 01:02:19 WAT] INFO [Service Name -> bookstore-api-gateway-service], [TraceId -> ], [SpanId -> ] 
      <AsyncReporter{org.springframework.cloud.sleuth.zipkin2.sender.RestTemplateSender@2148a965}> com.netflix.loadbalancer.DynamicServerListLoadBalancer : Using serverListUpdater PollingServerListUpdater
[2021-02-13 01:02:19 WAT] INFO [Service Name -> bookstore-api-gateway-service], [TraceId -> ], [SpanId -> ] 
      <AsyncReporter{org.springframework.cloud.sleuth.zipkin2.sender.RestTemplateSender@2148a965}> com.netflix.loadbalancer.DynamicServerListLoadBalancer : DynamicServerListLoadBalancer for client localhost initialized: DynamicServerListLoadBalancer:{NFLoadBalancer:name=localhost,current list of Servers=[],Load balancer stats=Zone stats: {},Server stats: []}ServerList:org.springframework.cloud.netflix.ribbon.eureka.DomainExtractingServerList@44a649d1
[2021-02-13 01:02:37 WAT] INFO [Service Name -> bookstore-api-gateway-service], [TraceId -> ], [SpanId -> ] 
      <AsyncResolver-bootstrap-executor-0> com.netflix.discovery.shared.resolver.aws.ConfigClusterResolver : Resolving eureka endpoints via configuration
[2021-02-13 01:07:37 WAT] INFO [Service Name -> bookstore-api-gateway-service], [TraceId -> ], [SpanId -> ] 
      <AsyncResolver-bootstrap-executor-0> com.netflix.discovery.shared.resolver.aws.ConfigClusterResolver : Resolving eureka endpoints via configuration
