[2021-02-13 00:43:12 WAT] INFO [Service Name -> bookstore-account-service], [TraceId -> ], [SpanId -> ] 
      <main> org.springframework.context.support.PostProcessorRegistrationDelegate$BeanPostProcessorChecker : Bean 'org.springframework.cloud.autoconfigure.ConfigurationPropertiesRebinderAutoConfiguration' of type [org.springframework.cloud.autoconfigure.ConfigurationPropertiesRebinderAutoConfiguration$$EnhancerBySpringCGLIB$$c5066cf5] is not eligible for getting processed by all BeanPostProcessors (for example: not eligible for auto-proxying)
[2021-02-13 00:43:14 WAT] INFO [Service Name -> bookstore-account-service], [TraceId -> ], [SpanId -> ] 
      <main> com.devd.spring.bookstoreaccountservice.BookstoreAccountServiceApplication : The following profiles are active: local
[2021-02-13 00:43:23 WAT] INFO [Service Name -> bookstore-account-service], [TraceId -> ], [SpanId -> ] 
      <main> org.springframework.data.repository.config.RepositoryConfigurationDelegate : Bootstrapping Spring Data repositories in DEFAULT mode.
[2021-02-13 00:43:25 WAT] INFO [Service Name -> bookstore-account-service], [TraceId -> ], [SpanId -> ] 
      <main> org.springframework.data.repository.config.RepositoryConfigurationDelegate : Finished Spring Data repository scanning in 1535ms. Found 3 repository interfaces.
[2021-02-13 00:43:25 WAT] WARN [Service Name -> bookstore-account-service], [TraceId -> ], [SpanId -> ] 
      <main> org.springframework.boot.actuate.endpoint.EndpointId : Endpoint ID 'service-registry' contains invalid characters, please migrate to a valid format.
[2021-02-13 00:43:30 WAT] INFO [Service Name -> bookstore-account-service], [TraceId -> ], [SpanId -> ] 
      <main> org.springframework.cloud.context.scope.GenericScope : BeanFactory id=9469e4f5-9d58-325c-a0ee-0160f722848e
[2021-02-13 00:43:30 WAT] INFO [Service Name -> bookstore-account-service], [TraceId -> ], [SpanId -> ] 
      <main> org.springframework.integration.config.DefaultConfiguringBeanFactoryPostProcessor : No bean named 'errorChannel' has been explicitly defined. Therefore, a default PublishSubscribeChannel will be created.
[2021-02-13 00:43:30 WAT] INFO [Service Name -> bookstore-account-service], [TraceId -> ], [SpanId -> ] 
      <main> org.springframework.integration.config.DefaultConfiguringBeanFactoryPostProcessor : No bean named 'taskScheduler' has been explicitly defined. Therefore, a default ThreadPoolTaskScheduler will be created.
[2021-02-13 00:43:30 WAT] INFO [Service Name -> bookstore-account-service], [TraceId -> ], [SpanId -> ] 
      <main> org.springframework.integration.config.DefaultConfiguringBeanFactoryPostProcessor : No bean named 'integrationHeaderChannelRegistry' has been explicitly defined. Therefore, a default DefaultHeaderChannelRegistry will be created.
[2021-02-13 00:43:32 WAT] INFO [Service Name -> bookstore-account-service], [TraceId -> ], [SpanId -> ] 
      <main> org.springframework.context.support.PostProcessorRegistrationDelegate$BeanPostProcessorChecker : Bean 'org.springframework.transaction.annotation.ProxyTransactionManagementConfiguration' of type [org.springframework.transaction.annotation.ProxyTransactionManagementConfiguration$$EnhancerBySpringCGLIB$$a8ec69f8] is not eligible for getting processed by all BeanPostProcessors (for example: not eligible for auto-proxying)
[2021-02-13 00:43:32 WAT] INFO [Service Name -> bookstore-account-service], [TraceId -> ], [SpanId -> ] 
      <main> org.springframework.context.support.PostProcessorRegistrationDelegate$BeanPostProcessorChecker : Bean 'org.springframework.security.config.annotation.configuration.ObjectPostProcessorConfiguration' of type [org.springframework.security.config.annotation.configuration.ObjectPostProcessorConfiguration$$EnhancerBySpringCGLIB$$419a3232] is not eligible for getting processed by all BeanPostProcessors (for example: not eligible for auto-proxying)
[2021-02-13 00:43:33 WAT] INFO [Service Name -> bookstore-account-service], [TraceId -> ], [SpanId -> ] 
      <main> org.springframework.context.support.PostProcessorRegistrationDelegate$BeanPostProcessorChecker : Bean 'objectPostProcessor' of type [org.springframework.security.config.annotation.configuration.AutowireBeanFactoryObjectPostProcessor] is not eligible for getting processed by all BeanPostProcessors (for example: not eligible for auto-proxying)
[2021-02-13 00:43:33 WAT] INFO [Service Name -> bookstore-account-service], [TraceId -> ], [SpanId -> ] 
      <main> org.springframework.context.support.PostProcessorRegistrationDelegate$BeanPostProcessorChecker : Bean 'org.springframework.security.access.expression.method.DefaultMethodSecurityExpressionHandler@42aa8c31' of type [org.springframework.security.access.expression.method.DefaultMethodSecurityExpressionHandler] is not eligible for getting processed by all BeanPostProcessors (for example: not eligible for auto-proxying)
[2021-02-13 00:43:33 WAT] INFO [Service Name -> bookstore-account-service], [TraceId -> ], [SpanId -> ] 
      <main> org.springframework.context.support.PostProcessorRegistrationDelegate$BeanPostProcessorChecker : Bean 'org.springframework.security.config.annotation.method.configuration.GlobalMethodSecurityConfiguration' of type [org.springframework.security.config.annotation.method.configuration.GlobalMethodSecurityConfiguration$$EnhancerBySpringCGLIB$$666ed4e4] is not eligible for getting processed by all BeanPostProcessors (for example: not eligible for auto-proxying)
[2021-02-13 00:43:33 WAT] INFO [Service Name -> bookstore-account-service], [TraceId -> ], [SpanId -> ] 
      <main> org.springframework.context.support.PostProcessorRegistrationDelegate$BeanPostProcessorChecker : Bean 'methodSecurityMetadataSource' of type [org.springframework.security.access.method.DelegatingMethodSecurityMetadataSource] is not eligible for getting processed by all BeanPostProcessors (for example: not eligible for auto-proxying)
[2021-02-13 00:43:33 WAT] INFO [Service Name -> bookstore-account-service], [TraceId -> ], [SpanId -> ] 
      <main> org.springframework.context.support.PostProcessorRegistrationDelegate$BeanPostProcessorChecker : Bean 'org.springframework.integration.config.IntegrationManagementConfiguration' of type [org.springframework.integration.config.IntegrationManagementConfiguration$$EnhancerBySpringCGLIB$$13de2527] is not eligible for getting processed by all BeanPostProcessors (for example: not eligible for auto-proxying)
[2021-02-13 00:43:33 WAT] INFO [Service Name -> bookstore-account-service], [TraceId -> ], [SpanId -> ] 
      <main> org.springframework.context.support.PostProcessorRegistrationDelegate$BeanPostProcessorChecker : Bean 'org.springframework.boot.autoconfigure.integration.IntegrationAutoConfiguration$IntegrationJmxConfiguration' of type [org.springframework.boot.autoconfigure.integration.IntegrationAutoConfiguration$IntegrationJmxConfiguration$$EnhancerBySpringCGLIB$$ef703047] is not eligible for getting processed by all BeanPostProcessors (for example: not eligible for auto-proxying)
[2021-02-13 00:43:33 WAT] INFO [Service Name -> bookstore-account-service], [TraceId -> ], [SpanId -> ] 
      <main> org.springframework.context.support.PostProcessorRegistrationDelegate$BeanPostProcessorChecker : Bean 'org.springframework.boot.autoconfigure.jmx.JmxAutoConfiguration' of type [org.springframework.boot.autoconfigure.jmx.JmxAutoConfiguration$$EnhancerBySpringCGLIB$$2857d914] is not eligible for getting processed by all BeanPostProcessors (for example: not eligible for auto-proxying)
[2021-02-13 00:43:33 WAT] INFO [Service Name -> bookstore-account-service], [TraceId -> ], [SpanId -> ] 
      <main> org.springframework.context.support.PostProcessorRegistrationDelegate$BeanPostProcessorChecker : Bean 'mbeanServer' of type [com.sun.jmx.mbeanserver.JmxMBeanServer] is not eligible for getting processed by all BeanPostProcessors (for example: not eligible for auto-proxying)
[2021-02-13 00:43:34 WAT] INFO [Service Name -> bookstore-account-service], [TraceId -> ], [SpanId -> ] 
      <main> org.springframework.context.support.PostProcessorRegistrationDelegate$BeanPostProcessorChecker : Bean 'integrationDisposableAutoCreatedBeans' of type [org.springframework.integration.config.annotation.Disposables] is not eligible for getting processed by all BeanPostProcessors (for example: not eligible for auto-proxying)
[2021-02-13 00:43:35 WAT] INFO [Service Name -> bookstore-account-service], [TraceId -> ], [SpanId -> ] 
      <main> org.springframework.context.support.PostProcessorRegistrationDelegate$BeanPostProcessorChecker : Bean 'org.springframework.cloud.autoconfigure.ConfigurationPropertiesRebinderAutoConfiguration' of type [org.springframework.cloud.autoconfigure.ConfigurationPropertiesRebinderAutoConfiguration$$EnhancerBySpringCGLIB$$c5066cf5] is not eligible for getting processed by all BeanPostProcessors (for example: not eligible for auto-proxying)
[2021-02-13 00:43:41 WAT] INFO [Service Name -> bookstore-account-service], [TraceId -> ], [SpanId -> ] 
      <main> org.springframework.boot.web.embedded.tomcat.TomcatWebServer : Tomcat initialized with port(s): 4001 (http)
[2021-02-13 00:43:41 WAT] INFO [Service Name -> bookstore-account-service], [TraceId -> ], [SpanId -> ] 
      <main> org.apache.coyote.http11.Http11NioProtocol : Initializing ProtocolHandler ["http-nio-4001"]
[2021-02-13 00:43:41 WAT] INFO [Service Name -> bookstore-account-service], [TraceId -> ], [SpanId -> ] 
      <main> org.apache.catalina.core.StandardService : Starting service [Tomcat]
[2021-02-13 00:43:41 WAT] INFO [Service Name -> bookstore-account-service], [TraceId -> ], [SpanId -> ] 
      <main> org.apache.catalina.core.StandardEngine : Starting Servlet engine: [Apache Tomcat/9.0.17]
[2021-02-13 00:43:42 WAT] INFO [Service Name -> bookstore-account-service], [TraceId -> ], [SpanId -> ] 
      <main> org.apache.catalina.core.ContainerBase.[Tomcat].[localhost].[/] : Initializing Spring embedded WebApplicationContext
[2021-02-13 00:43:42 WAT] INFO [Service Name -> bookstore-account-service], [TraceId -> ], [SpanId -> ] 
      <main> org.springframework.web.context.ContextLoader : Root WebApplicationContext: initialization completed in 27185 ms
[2021-02-13 00:43:43 WAT] WARN [Service Name -> bookstore-account-service], [TraceId -> ], [SpanId -> ] 
      <main> com.netflix.config.sources.URLConfigurationSource : No URLs will be polled as dynamic configuration sources.
[2021-02-13 00:43:43 WAT] INFO [Service Name -> bookstore-account-service], [TraceId -> ], [SpanId -> ] 
      <main> com.netflix.config.sources.URLConfigurationSource : To enable URLs as dynamic configuration sources, define System property archaius.configurationSource.additionalUrls or make config.properties available on classpath.
[2021-02-13 00:43:43 WAT] INFO [Service Name -> bookstore-account-service], [TraceId -> ], [SpanId -> ] 
      <main> com.netflix.config.DynamicPropertyFactory : DynamicPropertyFactory is initialized with configuration sources: com.netflix.config.ConcurrentCompositeConfiguration@26954c8c
[2021-02-13 00:44:11 WAT] INFO [Service Name -> bookstore-account-service], [TraceId -> ], [SpanId -> ] 
      <main> org.flywaydb.core.internal.license.VersionPrinter : Flyway Community Edition 5.2.4 by Boxfuse
[2021-02-13 00:44:11 WAT] INFO [Service Name -> bookstore-account-service], [TraceId -> ], [SpanId -> ] 
      <main> com.zaxxer.hikari.HikariDataSource : HikariPool-1 - Starting...
[2021-02-13 00:44:12 WAT] INFO [Service Name -> bookstore-account-service], [TraceId -> ], [SpanId -> ] 
      <main> com.zaxxer.hikari.HikariDataSource : HikariPool-1 - Start completed.
[2021-02-13 00:44:12 WAT] INFO [Service Name -> bookstore-account-service], [TraceId -> ], [SpanId -> ] 
      <main> org.flywaydb.core.internal.database.DatabaseFactory : Database: jdbc:h2:mem:bookstore_db (H2 1.4)
[2021-02-13 00:44:15 WAT] INFO [Service Name -> bookstore-account-service], [TraceId -> ], [SpanId -> ] 
      <main> org.flywaydb.core.internal.command.DbValidate : Successfully validated 2 migrations (execution time 00:00.241s)
[2021-02-13 00:44:15 WAT] INFO [Service Name -> bookstore-account-service], [TraceId -> ], [SpanId -> ] 
      <main> org.flywaydb.core.internal.schemahistory.JdbcTableSchemaHistory : Creating Schema History table: "PUBLIC"."account_service_flyway_history"
[2021-02-13 00:44:15 WAT] INFO [Service Name -> bookstore-account-service], [TraceId -> ], [SpanId -> ] 
      <main> org.flywaydb.core.internal.command.DbMigrate : Current version of schema "PUBLIC": << Empty Schema >>
[2021-02-13 00:44:15 WAT] INFO [Service Name -> bookstore-account-service], [TraceId -> ], [SpanId -> ] 
      <main> org.flywaydb.core.internal.command.DbMigrate : Migrating schema "PUBLIC" to version 1 - account service schema
[2021-02-13 00:44:16 WAT] INFO [Service Name -> bookstore-account-service], [TraceId -> ], [SpanId -> ] 
      <main> org.flywaydb.core.internal.command.DbMigrate : Migrating schema "PUBLIC" to version 2 - account service initial data
[2021-02-13 00:44:16 WAT] INFO [Service Name -> bookstore-account-service], [TraceId -> ], [SpanId -> ] 
      <main> org.flywaydb.core.internal.command.DbMigrate : Successfully applied 2 migrations to schema "PUBLIC" (execution time 00:00.555s)
[2021-02-13 00:44:18 WAT] INFO [Service Name -> bookstore-account-service], [TraceId -> ], [SpanId -> ] 
      <main> org.hibernate.jpa.internal.util.LogHelper : HHH000204: Processing PersistenceUnitInfo [
	name: default
	...]
[2021-02-13 00:44:18 WAT] INFO [Service Name -> bookstore-account-service], [TraceId -> ], [SpanId -> ] 
      <main> org.hibernate.Version : HHH000412: Hibernate Core {5.3.9.Final}
[2021-02-13 00:44:18 WAT] INFO [Service Name -> bookstore-account-service], [TraceId -> ], [SpanId -> ] 
      <main> org.hibernate.cfg.Environment : HHH000206: hibernate.properties not found
[2021-02-13 00:44:20 WAT] INFO [Service Name -> bookstore-account-service], [TraceId -> ], [SpanId -> ] 
      <main> org.hibernate.annotations.common.Version : HCANN000001: Hibernate Commons Annotations {5.0.4.Final}
[2021-02-13 00:44:22 WAT] INFO [Service Name -> bookstore-account-service], [TraceId -> ], [SpanId -> ] 
      <main> org.hibernate.dialect.Dialect : HHH000400: Using dialect: org.hibernate.dialect.H2Dialect
[2021-02-13 00:44:28 WAT] INFO [Service Name -> bookstore-account-service], [TraceId -> ], [SpanId -> ] 
      <main> org.springframework.orm.jpa.LocalContainerEntityManagerFactoryBean : Initialized JPA EntityManagerFactory for persistence unit 'default'
[2021-02-13 00:44:48 WAT] INFO [Service Name -> bookstore-account-service], [TraceId -> ], [SpanId -> ] 
      <main> org.springframework.boot.actuate.endpoint.web.EndpointLinksResolver : Exposing 22 endpoint(s) beneath base path '/actuator'
[2021-02-13 00:44:51 WAT] INFO [Service Name -> bookstore-account-service], [TraceId -> ], [SpanId -> ] 
      <main> springfox.documentation.spring.web.PropertySourcedRequestMappingHandlerMapping : Mapped URL path [/v2/api-docs] onto method [public org.springframework.http.ResponseEntity<springfox.documentation.spring.web.json.Json> springfox.documentation.swagger2.web.Swagger2Controller.getDocumentation(java.lang.String,javax.servlet.http.HttpServletRequest)]
[2021-02-13 00:44:52 WAT] INFO [Service Name -> bookstore-account-service], [TraceId -> ], [SpanId -> ] 
      <main> org.springframework.security.web.DefaultSecurityFilterChain : Creating filter chain: Ant [pattern='/v2/api-docs'], []
[2021-02-13 00:44:52 WAT] INFO [Service Name -> bookstore-account-service], [TraceId -> ], [SpanId -> ] 
      <main> org.springframework.security.web.DefaultSecurityFilterChain : Creating filter chain: Ant [pattern='/configuration/ui'], []
[2021-02-13 00:44:52 WAT] INFO [Service Name -> bookstore-account-service], [TraceId -> ], [SpanId -> ] 
      <main> org.springframework.security.web.DefaultSecurityFilterChain : Creating filter chain: Ant [pattern='/swagger-resources/**'], []
[2021-02-13 00:44:52 WAT] INFO [Service Name -> bookstore-account-service], [TraceId -> ], [SpanId -> ] 
      <main> org.springframework.security.web.DefaultSecurityFilterChain : Creating filter chain: Ant [pattern='/configuration/**'], []
[2021-02-13 00:44:52 WAT] INFO [Service Name -> bookstore-account-service], [TraceId -> ], [SpanId -> ] 
      <main> org.springframework.security.web.DefaultSecurityFilterChain : Creating filter chain: Ant [pattern='/swagger-ui.html'], []
[2021-02-13 00:44:52 WAT] INFO [Service Name -> bookstore-account-service], [TraceId -> ], [SpanId -> ] 
      <main> org.springframework.security.web.DefaultSecurityFilterChain : Creating filter chain: Ant [pattern='/webjars/**'], []
[2021-02-13 00:44:54 WAT] INFO [Service Name -> bookstore-account-service], [TraceId -> ], [SpanId -> ] 
      <main> org.springframework.security.web.DefaultSecurityFilterChain : Creating filter chain: OrRequestMatcher [requestMatchers=[Ant [pattern='/oauth/token'], Ant [pattern='/oauth/token_key'], Ant [pattern='/oauth/check_token']]], [org.springframework.security.web.context.request.async.WebAsyncManagerIntegrationFilter@5f8fa974, org.springframework.security.web.context.SecurityContextPersistenceFilter@300f6c09, org.springframework.security.web.header.HeaderWriterFilter@993b10d, org.springframework.security.web.authentication.logout.LogoutFilter@6805d5bb, org.springframework.security.web.authentication.www.BasicAuthenticationFilter@6513ff8c, org.springframework.security.web.savedrequest.RequestCacheAwareFilter@d1e58ed, org.springframework.security.web.servletapi.SecurityContextHolderAwareRequestFilter@6881cee, org.springframework.security.web.authentication.AnonymousAuthenticationFilter@1b3aee81, org.springframework.security.web.session.SessionManagementFilter@346bb84c, org.springframework.security.web.access.ExceptionTranslationFilter@1c4d04fa, org.springframework.security.web.access.intercept.FilterSecurityInterceptor@3ed26e4b]
[2021-02-13 00:44:54 WAT] INFO [Service Name -> bookstore-account-service], [TraceId -> ], [SpanId -> ] 
      <main> org.springframework.security.web.DefaultSecurityFilterChain : Creating filter chain: org.springframework.security.oauth2.config.annotation.web.configuration.ResourceServerConfiguration$NotOAuthRequestMatcher@57883723, [org.springframework.security.web.context.request.async.WebAsyncManagerIntegrationFilter@2128b53f, org.springframework.security.web.context.SecurityContextPersistenceFilter@23bf036f, org.springframework.security.web.header.HeaderWriterFilter@3beb988c, org.springframework.security.web.authentication.logout.LogoutFilter@5ec0fcc9, org.springframework.security.oauth2.provider.authentication.OAuth2AuthenticationProcessingFilter@588e2270, org.springframework.security.web.savedrequest.RequestCacheAwareFilter@7a814f0b, org.springframework.security.web.servletapi.SecurityContextHolderAwareRequestFilter@1dc9872f, org.springframework.security.web.authentication.AnonymousAuthenticationFilter@5bc90130, org.springframework.security.web.session.SessionManagementFilter@d19ca7d, org.springframework.security.web.access.ExceptionTranslationFilter@b9a4fbc, org.springframework.security.web.access.intercept.FilterSecurityInterceptor@458e745a]
[2021-02-13 00:44:54 WAT] INFO [Service Name -> bookstore-account-service], [TraceId -> ], [SpanId -> ] 
      <main> org.springframework.security.web.DefaultSecurityFilterChain : Creating filter chain: any request, [org.springframework.security.web.context.request.async.WebAsyncManagerIntegrationFilter@751bb6c8, org.springframework.security.web.context.SecurityContextPersistenceFilter@6b28b863, org.springframework.security.web.header.HeaderWriterFilter@2b9e9e56, org.springframework.security.web.authentication.logout.LogoutFilter@56a27602, org.springframework.security.web.authentication.www.BasicAuthenticationFilter@78673715, org.springframework.security.web.savedrequest.RequestCacheAwareFilter@49088f2e, org.springframework.security.web.servletapi.SecurityContextHolderAwareRequestFilter@163bc477, org.springframework.security.web.authentication.AnonymousAuthenticationFilter@3dcbdc60, org.springframework.security.web.session.SessionManagementFilter@7d57b1db, org.springframework.security.web.access.ExceptionTranslationFilter@37c2b810]
[2021-02-13 00:44:55 WAT] WARN [Service Name -> bookstore-account-service], [TraceId -> ], [SpanId -> ] 
      <main> com.netflix.config.sources.URLConfigurationSource : No URLs will be polled as dynamic configuration sources.
[2021-02-13 00:44:55 WAT] INFO [Service Name -> bookstore-account-service], [TraceId -> ], [SpanId -> ] 
      <main> com.netflix.config.sources.URLConfigurationSource : To enable URLs as dynamic configuration sources, define System property archaius.configurationSource.additionalUrls or make config.properties available on classpath.
[2021-02-13 00:44:57 WAT] INFO [Service Name -> bookstore-account-service], [TraceId -> ], [SpanId -> ] 
      <main> org.springframework.scheduling.concurrent.ThreadPoolTaskExecutor : Initializing ExecutorService 'applicationTaskExecutor'
[2021-02-13 00:45:20 WAT] WARN [Service Name -> bookstore-account-service], [TraceId -> ], [SpanId -> ] 
      <main> org.springframework.cloud.netflix.core.CoreAutoConfiguration : This module is deprecated. It will be removed in the next major release. Please use spring-cloud-netflix-hystrix instead.
[2021-02-13 00:45:23 WAT] INFO [Service Name -> bookstore-account-service], [TraceId -> ], [SpanId -> ] 
      <main> org.springframework.scheduling.concurrent.ThreadPoolTaskScheduler : Initializing ExecutorService 'taskScheduler'
[2021-02-13 00:45:24 WAT] INFO [Service Name -> bookstore-account-service], [TraceId -> ], [SpanId -> ] 
      <main> org.springframework.integration.monitor.IntegrationMBeanExporter : Registering MessageChannel errorChannel
[2021-02-13 00:45:24 WAT] INFO [Service Name -> bookstore-account-service], [TraceId -> ], [SpanId -> ] 
      <main> org.springframework.integration.monitor.IntegrationMBeanExporter : Registering MessageChannel nullChannel
[2021-02-13 00:45:25 WAT] INFO [Service Name -> bookstore-account-service], [TraceId -> ], [SpanId -> ] 
      <main> org.springframework.integration.monitor.IntegrationMBeanExporter : Registering MessageHandler errorLogger
[2021-02-13 00:45:25 WAT] INFO [Service Name -> bookstore-account-service], [TraceId -> ], [SpanId -> ] 
      <main> org.springframework.integration.endpoint.EventDrivenConsumer : Adding {logging-channel-adapter:_org.springframework.integration.errorLogger} as a subscriber to the 'errorChannel' channel
[2021-02-13 00:45:25 WAT] INFO [Service Name -> bookstore-account-service], [TraceId -> ], [SpanId -> ] 
      <main> org.springframework.integration.channel.PublishSubscribeChannel : Channel 'bookstore-account-service-1.errorChannel' has 1 subscriber(s).
[2021-02-13 00:45:25 WAT] INFO [Service Name -> bookstore-account-service], [TraceId -> ], [SpanId -> ] 
      <main> org.springframework.integration.endpoint.EventDrivenConsumer : started _org.springframework.integration.errorLogger
[2021-02-13 00:45:25 WAT] INFO [Service Name -> bookstore-account-service], [TraceId -> ], [SpanId -> ] 
      <main> org.springframework.cloud.netflix.eureka.InstanceInfoFactory : Setting initial instance status as: STARTING
[2021-02-13 00:45:25 WAT] INFO [Service Name -> bookstore-account-service], [TraceId -> ], [SpanId -> ] 
      <main> com.netflix.discovery.DiscoveryClient : Initializing Eureka in region us-east-1
[2021-02-13 00:45:26 WAT] INFO [Service Name -> bookstore-account-service], [TraceId -> ], [SpanId -> ] 
      <main> com.netflix.discovery.provider.DiscoveryJerseyProvider : Using JSON encoding codec LegacyJacksonJson
[2021-02-13 00:45:26 WAT] INFO [Service Name -> bookstore-account-service], [TraceId -> ], [SpanId -> ] 
      <main> com.netflix.discovery.provider.DiscoveryJerseyProvider : Using JSON decoding codec LegacyJacksonJson
[2021-02-13 00:45:27 WAT] INFO [Service Name -> bookstore-account-service], [TraceId -> ], [SpanId -> ] 
      <main> com.netflix.discovery.provider.DiscoveryJerseyProvider : Using XML encoding codec XStreamXml
[2021-02-13 00:45:27 WAT] INFO [Service Name -> bookstore-account-service], [TraceId -> ], [SpanId -> ] 
      <main> com.netflix.discovery.provider.DiscoveryJerseyProvider : Using XML decoding codec XStreamXml
[2021-02-13 00:45:28 WAT] INFO [Service Name -> bookstore-account-service], [TraceId -> ], [SpanId -> ] 
      <main> com.netflix.discovery.shared.resolver.aws.ConfigClusterResolver : Resolving eureka endpoints via configuration
[2021-02-13 00:45:31 WAT] INFO [Service Name -> bookstore-account-service], [TraceId -> ], [SpanId -> ] 
      <main> com.netflix.discovery.DiscoveryClient : Disable delta property : false
[2021-02-13 00:45:31 WAT] INFO [Service Name -> bookstore-account-service], [TraceId -> ], [SpanId -> ] 
      <main> com.netflix.discovery.DiscoveryClient : Single vip registry refresh property : null
[2021-02-13 00:45:31 WAT] INFO [Service Name -> bookstore-account-service], [TraceId -> ], [SpanId -> ] 
      <main> com.netflix.discovery.DiscoveryClient : Force full registry fetch : false
[2021-02-13 00:45:31 WAT] INFO [Service Name -> bookstore-account-service], [TraceId -> ], [SpanId -> ] 
      <main> com.netflix.discovery.DiscoveryClient : Application is null : false
[2021-02-13 00:45:31 WAT] INFO [Service Name -> bookstore-account-service], [TraceId -> ], [SpanId -> ] 
      <main> com.netflix.discovery.DiscoveryClient : Registered Applications size is zero : true
[2021-02-13 00:45:31 WAT] INFO [Service Name -> bookstore-account-service], [TraceId -> ], [SpanId -> ] 
      <main> com.netflix.discovery.DiscoveryClient : Application version is -1: true
[2021-02-13 00:45:31 WAT] INFO [Service Name -> bookstore-account-service], [TraceId -> ], [SpanId -> ] 
      <main> com.netflix.discovery.DiscoveryClient : Getting all instance registry info from the eureka server
[2021-02-13 00:45:32 WAT] INFO [Service Name -> bookstore-account-service], [TraceId -> ], [SpanId -> ] 
      <main> com.netflix.discovery.DiscoveryClient : The response status is 200
[2021-02-13 00:45:32 WAT] INFO [Service Name -> bookstore-account-service], [TraceId -> ], [SpanId -> ] 
      <main> com.netflix.discovery.DiscoveryClient : Starting heartbeat executor: renew interval is: 30
[2021-02-13 00:45:32 WAT] INFO [Service Name -> bookstore-account-service], [TraceId -> ], [SpanId -> ] 
      <main> com.netflix.discovery.InstanceInfoReplicator : InstanceInfoReplicator onDemand update allowed rate per min is 4
[2021-02-13 00:45:32 WAT] INFO [Service Name -> bookstore-account-service], [TraceId -> ], [SpanId -> ] 
      <main> com.netflix.discovery.DiscoveryClient : Discovery Client initialized at timestamp 1613173532785 with initial instances count: 1
[2021-02-13 00:45:32 WAT] INFO [Service Name -> bookstore-account-service], [TraceId -> ], [SpanId -> ] 
      <main> org.springframework.cloud.netflix.eureka.serviceregistry.EurekaServiceRegistry : Registering application BOOKSTORE-ACCOUNT-SERVICE with eureka with status UP
[2021-02-13 00:45:32 WAT] INFO [Service Name -> bookstore-account-service], [TraceId -> ], [SpanId -> ] 
      <main> com.netflix.discovery.DiscoveryClient : Saw local status change event StatusChangeEvent [timestamp=1613173532971, current=UP, previous=STARTING]
[2021-02-13 00:45:32 WAT] INFO [Service Name -> bookstore-account-service], [TraceId -> ], [SpanId -> ] 
      <main> springfox.documentation.spring.web.plugins.DocumentationPluginsBootstrapper : Context refreshed
[2021-02-13 00:45:33 WAT] INFO [Service Name -> bookstore-account-service], [TraceId -> ], [SpanId -> ] 
      <DiscoveryClient-InstanceInfoReplicator-0> com.netflix.discovery.DiscoveryClient : DiscoveryClient_BOOKSTORE-ACCOUNT-SERVICE/192.168.253.160:bookstore-account-service:4001: registering service...
[2021-02-13 00:45:33 WAT] INFO [Service Name -> bookstore-account-service], [TraceId -> ], [SpanId -> ] 
      <DiscoveryClient-InstanceInfoReplicator-0> com.netflix.discovery.DiscoveryClient : DiscoveryClient_BOOKSTORE-ACCOUNT-SERVICE/192.168.253.160:bookstore-account-service:4001 - registration status: 204
[2021-02-13 00:45:33 WAT] INFO [Service Name -> bookstore-account-service], [TraceId -> ], [SpanId -> ] 
      <main> springfox.documentation.spring.web.plugins.DocumentationPluginsBootstrapper : Found 1 custom documentation plugin(s)
[2021-02-13 00:45:33 WAT] INFO [Service Name -> bookstore-account-service], [TraceId -> ], [SpanId -> ] 
      <main> springfox.documentation.spring.web.scanners.ApiListingReferenceScanner : Scanning for api listing references
[2021-02-13 00:45:36 WAT] INFO [Service Name -> bookstore-account-service], [TraceId -> ], [SpanId -> ] 
      <main> org.apache.coyote.http11.Http11NioProtocol : Starting ProtocolHandler ["http-nio-4001"]
[2021-02-13 00:45:36 WAT] INFO [Service Name -> bookstore-account-service], [TraceId -> ], [SpanId -> ] 
      <main> org.springframework.boot.web.embedded.tomcat.TomcatWebServer : Tomcat started on port(s): 4001 (http) with context path ''
[2021-02-13 00:45:36 WAT] INFO [Service Name -> bookstore-account-service], [TraceId -> ], [SpanId -> ] 
      <main> org.springframework.cloud.netflix.eureka.serviceregistry.EurekaAutoServiceRegistration : Updating port to 4001
[2021-02-13 00:45:36 WAT] INFO [Service Name -> bookstore-account-service], [TraceId -> ], [SpanId -> ] 
      <main> com.devd.spring.bookstoreaccountservice.BookstoreAccountServiceApplication : Started BookstoreAccountServiceApplication in 152.49 seconds (JVM running for 235.246)
[2021-02-13 00:50:31 WAT] INFO [Service Name -> bookstore-account-service], [TraceId -> ], [SpanId -> ] 
      <AsyncResolver-bootstrap-executor-0> com.netflix.discovery.shared.resolver.aws.ConfigClusterResolver : Resolving eureka endpoints via configuration
[2021-02-13 00:55:31 WAT] INFO [Service Name -> bookstore-account-service], [TraceId -> ], [SpanId -> ] 
      <AsyncResolver-bootstrap-executor-0> com.netflix.discovery.shared.resolver.aws.ConfigClusterResolver : Resolving eureka endpoints via configuration
[2021-02-13 00:59:44 WAT] INFO [Service Name -> bookstore-account-service], [TraceId -> ], [SpanId -> ] 
      <http-nio-4001-exec-10> org.apache.catalina.core.ContainerBase.[Tomcat].[localhost].[/] : Initializing Spring DispatcherServlet 'dispatcherServlet'
[2021-02-13 00:59:44 WAT] INFO [Service Name -> bookstore-account-service], [TraceId -> ], [SpanId -> ] 
      <http-nio-4001-exec-10> org.springframework.web.servlet.DispatcherServlet : Initializing Servlet 'dispatcherServlet'
[2021-02-13 00:59:44 WAT] INFO [Service Name -> bookstore-account-service], [TraceId -> ], [SpanId -> ] 
      <http-nio-4001-exec-10> org.springframework.web.servlet.DispatcherServlet : Completed initialization in 58 ms
[2021-02-13 01:00:31 WAT] INFO [Service Name -> bookstore-account-service], [TraceId -> ], [SpanId -> ] 
      <AsyncResolver-bootstrap-executor-0> com.netflix.discovery.shared.resolver.aws.ConfigClusterResolver : Resolving eureka endpoints via configuration
[2021-02-13 01:00:36 WAT] INFO [Service Name -> bookstore-account-service], [TraceId -> ], [SpanId -> ] 
      <AsyncReporter{org.springframework.cloud.sleuth.zipkin2.sender.RestTemplateSender@613ff8b9}> com.netflix.config.ChainedDynamicProperty : Flipping property: localhost.ribbon.ActiveConnectionsLimit to use NEXT property: niws.loadbalancer.availabilityFilteringRule.activeConnectionsLimit = 2147483647
[2021-02-13 01:00:36 WAT] INFO [Service Name -> bookstore-account-service], [TraceId -> ], [SpanId -> ] 
      <AsyncReporter{org.springframework.cloud.sleuth.zipkin2.sender.RestTemplateSender@613ff8b9}> com.netflix.util.concurrent.ShutdownEnabledTimer : Shutdown hook installed for: NFLoadBalancer-PingTimer-localhost
[2021-02-13 01:00:36 WAT] INFO [Service Name -> bookstore-account-service], [TraceId -> ], [SpanId -> ] 
      <AsyncReporter{org.springframework.cloud.sleuth.zipkin2.sender.RestTemplateSender@613ff8b9}> com.netflix.loadbalancer.BaseLoadBalancer : Client: localhost instantiated a LoadBalancer: DynamicServerListLoadBalancer:{NFLoadBalancer:name=localhost,current list of Servers=[],Load balancer stats=Zone stats: {},Server stats: []}ServerList:null
[2021-02-13 01:00:36 WAT] INFO [Service Name -> bookstore-account-service], [TraceId -> ], [SpanId -> ] 
      <AsyncReporter{org.springframework.cloud.sleuth.zipkin2.sender.RestTemplateSender@613ff8b9}> com.netflix.loadbalancer.DynamicServerListLoadBalancer : Using serverListUpdater PollingServerListUpdater
[2021-02-13 01:00:36 WAT] INFO [Service Name -> bookstore-account-service], [TraceId -> ], [SpanId -> ] 
      <AsyncReporter{org.springframework.cloud.sleuth.zipkin2.sender.RestTemplateSender@613ff8b9}> com.netflix.loadbalancer.DynamicServerListLoadBalancer : DynamicServerListLoadBalancer for client localhost initialized: DynamicServerListLoadBalancer:{NFLoadBalancer:name=localhost,current list of Servers=[],Load balancer stats=Zone stats: {},Server stats: []}ServerList:org.springframework.cloud.netflix.ribbon.eureka.DomainExtractingServerList@3dadd6fc
[2021-02-13 01:05:31 WAT] INFO [Service Name -> bookstore-account-service], [TraceId -> ], [SpanId -> ] 
      <AsyncResolver-bootstrap-executor-0> com.netflix.discovery.shared.resolver.aws.ConfigClusterResolver : Resolving eureka endpoints via configuration
[2021-02-13 01:10:33 WAT] INFO [Service Name -> bookstore-account-service], [TraceId -> ], [SpanId -> ] 
      <main> org.springframework.context.support.PostProcessorRegistrationDelegate$BeanPostProcessorChecker : Bean 'org.springframework.cloud.autoconfigure.ConfigurationPropertiesRebinderAutoConfiguration' of type [org.springframework.cloud.autoconfigure.ConfigurationPropertiesRebinderAutoConfiguration$$EnhancerBySpringCGLIB$$7578b9cb] is not eligible for getting processed by all BeanPostProcessors (for example: not eligible for auto-proxying)
[2021-02-13 01:10:34 WAT] INFO [Service Name -> bookstore-account-service], [TraceId -> ], [SpanId -> ] 
      <main> com.devd.spring.bookstoreaccountservice.BookstoreAccountServiceApplicationTests : The following profiles are active: local
[2021-02-13 01:10:39 WAT] INFO [Service Name -> bookstore-account-service], [TraceId -> ], [SpanId -> ] 
      <main> org.springframework.data.repository.config.RepositoryConfigurationDelegate : Bootstrapping Spring Data repositories in DEFAULT mode.
[2021-02-13 01:10:39 WAT] INFO [Service Name -> bookstore-account-service], [TraceId -> ], [SpanId -> ] 
      <main> org.springframework.data.repository.config.RepositoryConfigurationDelegate : Finished Spring Data repository scanning in 521ms. Found 3 repository interfaces.
[2021-02-13 01:10:39 WAT] WARN [Service Name -> bookstore-account-service], [TraceId -> ], [SpanId -> ] 
      <main> org.springframework.boot.actuate.endpoint.EndpointId : Endpoint ID 'service-registry' contains invalid characters, please migrate to a valid format.
[2021-02-13 01:10:41 WAT] INFO [Service Name -> bookstore-account-service], [TraceId -> ], [SpanId -> ] 
      <main> org.springframework.cloud.context.scope.GenericScope : BeanFactory id=7e6742ce-b34c-32b8-b0fa-ffa702f585db
[2021-02-13 01:10:42 WAT] INFO [Service Name -> bookstore-account-service], [TraceId -> ], [SpanId -> ] 
      <main> org.springframework.integration.config.DefaultConfiguringBeanFactoryPostProcessor : No bean named 'errorChannel' has been explicitly defined. Therefore, a default PublishSubscribeChannel will be created.
[2021-02-13 01:10:42 WAT] INFO [Service Name -> bookstore-account-service], [TraceId -> ], [SpanId -> ] 
      <main> org.springframework.integration.config.DefaultConfiguringBeanFactoryPostProcessor : No bean named 'taskScheduler' has been explicitly defined. Therefore, a default ThreadPoolTaskScheduler will be created.
[2021-02-13 01:10:42 WAT] INFO [Service Name -> bookstore-account-service], [TraceId -> ], [SpanId -> ] 
      <main> org.springframework.integration.config.DefaultConfiguringBeanFactoryPostProcessor : No bean named 'integrationHeaderChannelRegistry' has been explicitly defined. Therefore, a default DefaultHeaderChannelRegistry will be created.
[2021-02-13 01:10:44 WAT] INFO [Service Name -> bookstore-account-service], [TraceId -> ], [SpanId -> ] 
      <main> org.springframework.context.support.PostProcessorRegistrationDelegate$BeanPostProcessorChecker : Bean 'org.springframework.transaction.annotation.ProxyTransactionManagementConfiguration' of type [org.springframework.transaction.annotation.ProxyTransactionManagementConfiguration$$EnhancerBySpringCGLIB$$595eb6ce] is not eligible for getting processed by all BeanPostProcessors (for example: not eligible for auto-proxying)
[2021-02-13 01:10:44 WAT] INFO [Service Name -> bookstore-account-service], [TraceId -> ], [SpanId -> ] 
      <main> org.springframework.context.support.PostProcessorRegistrationDelegate$BeanPostProcessorChecker : Bean 'org.springframework.security.config.annotation.configuration.ObjectPostProcessorConfiguration' of type [org.springframework.security.config.annotation.configuration.ObjectPostProcessorConfiguration$$EnhancerBySpringCGLIB$$f20c7f08] is not eligible for getting processed by all BeanPostProcessors (for example: not eligible for auto-proxying)
[2021-02-13 01:10:44 WAT] INFO [Service Name -> bookstore-account-service], [TraceId -> ], [SpanId -> ] 
      <main> org.springframework.context.support.PostProcessorRegistrationDelegate$BeanPostProcessorChecker : Bean 'objectPostProcessor' of type [org.springframework.security.config.annotation.configuration.AutowireBeanFactoryObjectPostProcessor] is not eligible for getting processed by all BeanPostProcessors (for example: not eligible for auto-proxying)
[2021-02-13 01:10:44 WAT] INFO [Service Name -> bookstore-account-service], [TraceId -> ], [SpanId -> ] 
      <main> org.springframework.context.support.PostProcessorRegistrationDelegate$BeanPostProcessorChecker : Bean 'org.springframework.security.access.expression.method.DefaultMethodSecurityExpressionHandler@3c71cf3e' of type [org.springframework.security.access.expression.method.DefaultMethodSecurityExpressionHandler] is not eligible for getting processed by all BeanPostProcessors (for example: not eligible for auto-proxying)
[2021-02-13 01:10:44 WAT] INFO [Service Name -> bookstore-account-service], [TraceId -> ], [SpanId -> ] 
      <main> org.springframework.context.support.PostProcessorRegistrationDelegate$BeanPostProcessorChecker : Bean 'org.springframework.security.config.annotation.method.configuration.GlobalMethodSecurityConfiguration' of type [org.springframework.security.config.annotation.method.configuration.GlobalMethodSecurityConfiguration$$EnhancerBySpringCGLIB$$16e121ba] is not eligible for getting processed by all BeanPostProcessors (for example: not eligible for auto-proxying)
[2021-02-13 01:10:44 WAT] INFO [Service Name -> bookstore-account-service], [TraceId -> ], [SpanId -> ] 
      <main> org.springframework.context.support.PostProcessorRegistrationDelegate$BeanPostProcessorChecker : Bean 'methodSecurityMetadataSource' of type [org.springframework.security.access.method.DelegatingMethodSecurityMetadataSource] is not eligible for getting processed by all BeanPostProcessors (for example: not eligible for auto-proxying)
[2021-02-13 01:10:44 WAT] INFO [Service Name -> bookstore-account-service], [TraceId -> ], [SpanId -> ] 
      <main> org.springframework.context.support.PostProcessorRegistrationDelegate$BeanPostProcessorChecker : Bean 'org.springframework.integration.config.IntegrationManagementConfiguration' of type [org.springframework.integration.config.IntegrationManagementConfiguration$$EnhancerBySpringCGLIB$$c45071fd] is not eligible for getting processed by all BeanPostProcessors (for example: not eligible for auto-proxying)
[2021-02-13 01:10:45 WAT] INFO [Service Name -> bookstore-account-service], [TraceId -> ], [SpanId -> ] 
      <main> org.springframework.context.support.PostProcessorRegistrationDelegate$BeanPostProcessorChecker : Bean 'integrationDisposableAutoCreatedBeans' of type [org.springframework.integration.config.annotation.Disposables] is not eligible for getting processed by all BeanPostProcessors (for example: not eligible for auto-proxying)
[2021-02-13 01:10:45 WAT] INFO [Service Name -> bookstore-account-service], [TraceId -> ], [SpanId -> ] 
      <main> org.springframework.context.support.PostProcessorRegistrationDelegate$BeanPostProcessorChecker : Bean 'org.springframework.cloud.autoconfigure.ConfigurationPropertiesRebinderAutoConfiguration' of type [org.springframework.cloud.autoconfigure.ConfigurationPropertiesRebinderAutoConfiguration$$EnhancerBySpringCGLIB$$7578b9cb] is not eligible for getting processed by all BeanPostProcessors (for example: not eligible for auto-proxying)
[2021-02-13 01:10:47 WAT] INFO [Service Name -> bookstore-account-service], [TraceId -> ], [SpanId -> ] 
      <main> org.flywaydb.core.internal.license.VersionPrinter : Flyway Community Edition 5.2.4 by Boxfuse
[2021-02-13 01:10:47 WAT] INFO [Service Name -> bookstore-account-service], [TraceId -> ], [SpanId -> ] 
      <main> com.zaxxer.hikari.HikariDataSource : HikariPool-1 - Starting...
[2021-02-13 01:10:47 WAT] INFO [Service Name -> bookstore-account-service], [TraceId -> ], [SpanId -> ] 
      <main> com.zaxxer.hikari.HikariDataSource : HikariPool-1 - Start completed.
[2021-02-13 01:10:47 WAT] INFO [Service Name -> bookstore-account-service], [TraceId -> ], [SpanId -> ] 
      <main> org.flywaydb.core.internal.database.DatabaseFactory : Database: jdbc:h2:mem:bookstore_db (H2 1.4)
[2021-02-13 01:10:48 WAT] INFO [Service Name -> bookstore-account-service], [TraceId -> ], [SpanId -> ] 
      <main> org.flywaydb.core.internal.command.DbValidate : Successfully validated 2 migrations (execution time 00:00.101s)
[2021-02-13 01:10:48 WAT] INFO [Service Name -> bookstore-account-service], [TraceId -> ], [SpanId -> ] 
      <main> org.flywaydb.core.internal.schemahistory.JdbcTableSchemaHistory : Creating Schema History table: "PUBLIC"."account_service_flyway_history"
[2021-02-13 01:10:48 WAT] INFO [Service Name -> bookstore-account-service], [TraceId -> ], [SpanId -> ] 
      <main> org.flywaydb.core.internal.command.DbMigrate : Current version of schema "PUBLIC": << Empty Schema >>
[2021-02-13 01:10:48 WAT] INFO [Service Name -> bookstore-account-service], [TraceId -> ], [SpanId -> ] 
      <main> org.flywaydb.core.internal.command.DbMigrate : Migrating schema "PUBLIC" to version 1 - account service schema
[2021-02-13 01:10:48 WAT] INFO [Service Name -> bookstore-account-service], [TraceId -> ], [SpanId -> ] 
      <main> org.flywaydb.core.internal.command.DbMigrate : Migrating schema "PUBLIC" to version 2 - account service initial data
[2021-02-13 01:10:48 WAT] INFO [Service Name -> bookstore-account-service], [TraceId -> ], [SpanId -> ] 
      <main> org.flywaydb.core.internal.command.DbMigrate : Successfully applied 2 migrations to schema "PUBLIC" (execution time 00:00.273s)
[2021-02-13 01:10:50 WAT] INFO [Service Name -> bookstore-account-service], [TraceId -> ], [SpanId -> ] 
      <main> org.hibernate.jpa.internal.util.LogHelper : HHH000204: Processing PersistenceUnitInfo [
	name: default
	...]
[2021-02-13 01:10:51 WAT] INFO [Service Name -> bookstore-account-service], [TraceId -> ], [SpanId -> ] 
      <main> org.hibernate.Version : HHH000412: Hibernate Core {5.3.9.Final}
[2021-02-13 01:10:51 WAT] INFO [Service Name -> bookstore-account-service], [TraceId -> ], [SpanId -> ] 
      <main> org.hibernate.cfg.Environment : HHH000206: hibernate.properties not found
[2021-02-13 01:10:52 WAT] INFO [Service Name -> bookstore-account-service], [TraceId -> ], [SpanId -> ] 
      <main> org.hibernate.annotations.common.Version : HCANN000001: Hibernate Commons Annotations {5.0.4.Final}
[2021-02-13 01:10:53 WAT] INFO [Service Name -> bookstore-account-service], [TraceId -> ], [SpanId -> ] 
      <main> org.hibernate.dialect.Dialect : HHH000400: Using dialect: org.hibernate.dialect.H2Dialect
[2021-02-13 01:10:57 WAT] INFO [Service Name -> bookstore-account-service], [TraceId -> ], [SpanId -> ] 
      <main> org.springframework.orm.jpa.LocalContainerEntityManagerFactoryBean : Initialized JPA EntityManagerFactory for persistence unit 'default'
[2021-02-13 01:11:00 WAT] WARN [Service Name -> bookstore-account-service], [TraceId -> ], [SpanId -> ] 
      <main> com.netflix.config.sources.URLConfigurationSource : No URLs will be polled as dynamic configuration sources.
[2021-02-13 01:11:00 WAT] INFO [Service Name -> bookstore-account-service], [TraceId -> ], [SpanId -> ] 
      <main> com.netflix.config.sources.URLConfigurationSource : To enable URLs as dynamic configuration sources, define System property archaius.configurationSource.additionalUrls or make config.properties available on classpath.
[2021-02-13 01:11:00 WAT] INFO [Service Name -> bookstore-account-service], [TraceId -> ], [SpanId -> ] 
      <main> com.netflix.config.DynamicPropertyFactory : DynamicPropertyFactory is initialized with configuration sources: com.netflix.config.ConcurrentCompositeConfiguration@40f931ec
[2021-02-13 01:11:10 WAT] INFO [Service Name -> bookstore-account-service], [TraceId -> ], [SpanId -> ] 
      <main> org.springframework.boot.actuate.endpoint.web.EndpointLinksResolver : Exposing 22 endpoint(s) beneath base path '/actuator'
[2021-02-13 01:11:11 WAT] INFO [Service Name -> bookstore-account-service], [TraceId -> ], [SpanId -> ] 
      <main> springfox.documentation.spring.web.PropertySourcedRequestMappingHandlerMapping : Mapped URL path [/v2/api-docs] onto method [public org.springframework.http.ResponseEntity<springfox.documentation.spring.web.json.Json> springfox.documentation.swagger2.web.Swagger2Controller.getDocumentation(java.lang.String,javax.servlet.http.HttpServletRequest)]
[2021-02-13 01:11:13 WAT] INFO [Service Name -> bookstore-account-service], [TraceId -> ], [SpanId -> ] 
      <main> org.springframework.security.web.DefaultSecurityFilterChain : Creating filter chain: Ant [pattern='/v2/api-docs'], []
[2021-02-13 01:11:13 WAT] INFO [Service Name -> bookstore-account-service], [TraceId -> ], [SpanId -> ] 
      <main> org.springframework.security.web.DefaultSecurityFilterChain : Creating filter chain: Ant [pattern='/configuration/ui'], []
[2021-02-13 01:11:13 WAT] INFO [Service Name -> bookstore-account-service], [TraceId -> ], [SpanId -> ] 
      <main> org.springframework.security.web.DefaultSecurityFilterChain : Creating filter chain: Ant [pattern='/swagger-resources/**'], []
[2021-02-13 01:11:13 WAT] INFO [Service Name -> bookstore-account-service], [TraceId -> ], [SpanId -> ] 
      <main> org.springframework.security.web.DefaultSecurityFilterChain : Creating filter chain: Ant [pattern='/configuration/**'], []
[2021-02-13 01:11:13 WAT] INFO [Service Name -> bookstore-account-service], [TraceId -> ], [SpanId -> ] 
      <main> org.springframework.security.web.DefaultSecurityFilterChain : Creating filter chain: Ant [pattern='/swagger-ui.html'], []
[2021-02-13 01:11:13 WAT] INFO [Service Name -> bookstore-account-service], [TraceId -> ], [SpanId -> ] 
      <main> org.springframework.security.web.DefaultSecurityFilterChain : Creating filter chain: Ant [pattern='/webjars/**'], []
[2021-02-13 01:11:13 WAT] INFO [Service Name -> bookstore-account-service], [TraceId -> ], [SpanId -> ] 
      <main> org.springframework.security.web.DefaultSecurityFilterChain : Creating filter chain: OrRequestMatcher [requestMatchers=[Ant [pattern='/oauth/token'], Ant [pattern='/oauth/token_key'], Ant [pattern='/oauth/check_token']]], [org.springframework.security.web.context.request.async.WebAsyncManagerIntegrationFilter@6c6fdf5d, org.springframework.security.web.context.SecurityContextPersistenceFilter@697797e4, org.springframework.security.web.header.HeaderWriterFilter@67e7fe73, org.springframework.security.web.authentication.logout.LogoutFilter@bc85538, org.springframework.security.web.authentication.www.BasicAuthenticationFilter@1f1b69bb, org.springframework.security.web.savedrequest.RequestCacheAwareFilter@6aa152b7, org.springframework.security.web.servletapi.SecurityContextHolderAwareRequestFilter@3ca43e5d, org.springframework.security.web.authentication.AnonymousAuthenticationFilter@187c8f96, org.springframework.security.web.session.SessionManagementFilter@1d0b4b69, org.springframework.security.web.access.ExceptionTranslationFilter@613d42ab, org.springframework.security.web.access.intercept.FilterSecurityInterceptor@7356ec91]
[2021-02-13 01:11:13 WAT] INFO [Service Name -> bookstore-account-service], [TraceId -> ], [SpanId -> ] 
      <main> org.springframework.security.web.DefaultSecurityFilterChain : Creating filter chain: org.springframework.security.oauth2.config.annotation.web.configuration.ResourceServerConfiguration$NotOAuthRequestMatcher@7c48ea9e, [org.springframework.security.web.context.request.async.WebAsyncManagerIntegrationFilter@25058759, org.springframework.security.web.context.SecurityContextPersistenceFilter@5fe7454c, org.springframework.security.web.header.HeaderWriterFilter@495cac83, org.springframework.security.web.authentication.logout.LogoutFilter@71c1e70f, org.springframework.security.oauth2.provider.authentication.OAuth2AuthenticationProcessingFilter@2ea2f965, org.springframework.security.web.savedrequest.RequestCacheAwareFilter@5e92a27, org.springframework.security.web.servletapi.SecurityContextHolderAwareRequestFilter@297db6ad, org.springframework.security.web.authentication.AnonymousAuthenticationFilter@d833770, org.springframework.security.web.session.SessionManagementFilter@7225583d, org.springframework.security.web.access.ExceptionTranslationFilter@76958827, org.springframework.security.web.access.intercept.FilterSecurityInterceptor@28357fc3]
[2021-02-13 01:11:13 WAT] INFO [Service Name -> bookstore-account-service], [TraceId -> ], [SpanId -> ] 
      <main> org.springframework.security.web.DefaultSecurityFilterChain : Creating filter chain: any request, [org.springframework.security.web.context.request.async.WebAsyncManagerIntegrationFilter@a49995f, org.springframework.security.web.context.SecurityContextPersistenceFilter@2ca8bd50, org.springframework.security.web.header.HeaderWriterFilter@5b7600ec, org.springframework.security.web.authentication.logout.LogoutFilter@7ef8cfbb, org.springframework.security.web.authentication.www.BasicAuthenticationFilter@17d3bf09, org.springframework.security.web.savedrequest.RequestCacheAwareFilter@47db5b8f, org.springframework.security.web.servletapi.SecurityContextHolderAwareRequestFilter@2c4142f8, org.springframework.security.web.authentication.AnonymousAuthenticationFilter@2cb95c6c, org.springframework.security.web.session.SessionManagementFilter@43f23338, org.springframework.security.web.access.ExceptionTranslationFilter@408573b1]
[2021-02-13 01:11:14 WAT] WARN [Service Name -> bookstore-account-service], [TraceId -> ], [SpanId -> ] 
      <main> com.netflix.config.sources.URLConfigurationSource : No URLs will be polled as dynamic configuration sources.
[2021-02-13 01:11:14 WAT] INFO [Service Name -> bookstore-account-service], [TraceId -> ], [SpanId -> ] 
      <main> com.netflix.config.sources.URLConfigurationSource : To enable URLs as dynamic configuration sources, define System property archaius.configurationSource.additionalUrls or make config.properties available on classpath.
[2021-02-13 01:11:16 WAT] INFO [Service Name -> bookstore-account-service], [TraceId -> ], [SpanId -> ] 
      <main> org.springframework.scheduling.concurrent.ThreadPoolTaskExecutor : Initializing ExecutorService 'applicationTaskExecutor'
[2021-02-13 01:11:26 WAT] WARN [Service Name -> bookstore-account-service], [TraceId -> ], [SpanId -> ] 
      <main> org.springframework.cloud.netflix.core.CoreAutoConfiguration : This module is deprecated. It will be removed in the next major release. Please use spring-cloud-netflix-hystrix instead.
[2021-02-13 01:11:27 WAT] INFO [Service Name -> bookstore-account-service], [TraceId -> ], [SpanId -> ] 
      <main> org.springframework.scheduling.concurrent.ThreadPoolTaskScheduler : Initializing ExecutorService 'taskScheduler'
[2021-02-13 01:11:28 WAT] INFO [Service Name -> bookstore-account-service], [TraceId -> ], [SpanId -> ] 
      <main> org.springframework.integration.endpoint.EventDrivenConsumer : Adding {logging-channel-adapter:_org.springframework.integration.errorLogger} as a subscriber to the 'errorChannel' channel
[2021-02-13 01:11:28 WAT] INFO [Service Name -> bookstore-account-service], [TraceId -> ], [SpanId -> ] 
      <main> org.springframework.integration.channel.PublishSubscribeChannel : Channel 'bookstore-account-service-1.errorChannel' has 1 subscriber(s).
[2021-02-13 01:11:28 WAT] INFO [Service Name -> bookstore-account-service], [TraceId -> ], [SpanId -> ] 
      <main> org.springframework.integration.endpoint.EventDrivenConsumer : started _org.springframework.integration.errorLogger
[2021-02-13 01:11:28 WAT] INFO [Service Name -> bookstore-account-service], [TraceId -> ], [SpanId -> ] 
      <main> springfox.documentation.spring.web.plugins.DocumentationPluginsBootstrapper : Context refreshed
[2021-02-13 01:11:28 WAT] INFO [Service Name -> bookstore-account-service], [TraceId -> ], [SpanId -> ] 
      <main> springfox.documentation.spring.web.plugins.DocumentationPluginsBootstrapper : Found 1 custom documentation plugin(s)
[2021-02-13 01:11:28 WAT] INFO [Service Name -> bookstore-account-service], [TraceId -> ], [SpanId -> ] 
      <main> springfox.documentation.spring.web.scanners.ApiListingReferenceScanner : Scanning for api listing references
[2021-02-13 01:11:29 WAT] INFO [Service Name -> bookstore-account-service], [TraceId -> ], [SpanId -> ] 
      <main> com.devd.spring.bookstoreaccountservice.BookstoreAccountServiceApplicationTests : Started BookstoreAccountServiceApplicationTests in 59.047 seconds (JVM running for 61.785)
[2021-02-13 01:11:29 WAT] INFO [Service Name -> bookstore-account-service], [TraceId -> ], [SpanId -> ] 
      <Thread-5> org.springframework.cloud.netflix.eureka.InstanceInfoFactory : Setting initial instance status as: STARTING
[2021-02-13 01:11:29 WAT] INFO [Service Name -> bookstore-account-service], [TraceId -> ], [SpanId -> ] 
      <Thread-5> org.springframework.cloud.netflix.eureka.serviceregistry.EurekaServiceRegistry : Unregistering application BOOKSTORE-ACCOUNT-SERVICE with eureka with status DOWN
[2021-02-13 01:11:29 WAT] INFO [Service Name -> bookstore-account-service], [TraceId -> ], [SpanId -> ] 
      <Thread-5> org.springframework.integration.endpoint.EventDrivenConsumer : Removing {logging-channel-adapter:_org.springframework.integration.errorLogger} as a subscriber to the 'errorChannel' channel
[2021-02-13 01:11:29 WAT] INFO [Service Name -> bookstore-account-service], [TraceId -> ], [SpanId -> ] 
      <Thread-5> org.springframework.integration.channel.PublishSubscribeChannel : Channel 'bookstore-account-service-1.errorChannel' has 0 subscriber(s).
[2021-02-13 01:11:29 WAT] INFO [Service Name -> bookstore-account-service], [TraceId -> ], [SpanId -> ] 
      <Thread-5> org.springframework.integration.endpoint.EventDrivenConsumer : stopped _org.springframework.integration.errorLogger
[2021-02-13 01:11:29 WAT] INFO [Service Name -> bookstore-account-service], [TraceId -> ], [SpanId -> ] 
      <Thread-5> org.springframework.scheduling.concurrent.ThreadPoolTaskScheduler : Shutting down ExecutorService 'taskScheduler'
[2021-02-13 01:11:30 WAT] INFO [Service Name -> bookstore-account-service], [TraceId -> ], [SpanId -> ] 
      <Thread-5> org.springframework.scheduling.concurrent.ThreadPoolTaskExecutor : Shutting down ExecutorService 'applicationTaskExecutor'
[2021-02-13 01:11:30 WAT] INFO [Service Name -> bookstore-account-service], [TraceId -> ], [SpanId -> ] 
      <Thread-5> org.springframework.orm.jpa.LocalContainerEntityManagerFactoryBean : Closing JPA EntityManagerFactory for persistence unit 'default'
[2021-02-13 01:11:30 WAT] INFO [Service Name -> bookstore-account-service], [TraceId -> ], [SpanId -> ] 
      <Thread-5> com.zaxxer.hikari.HikariDataSource : HikariPool-1 - Shutdown initiated...
[2021-02-13 01:11:30 WAT] INFO [Service Name -> bookstore-account-service], [TraceId -> ], [SpanId -> ] 
      <Thread-5> com.zaxxer.hikari.HikariDataSource : HikariPool-1 - Shutdown completed.
[2021-02-13 01:18:39 WAT] INFO [Service Name -> bookstore-account-service], [TraceId -> ], [SpanId -> ] 
      <main> org.springframework.context.support.PostProcessorRegistrationDelegate$BeanPostProcessorChecker : Bean 'org.springframework.cloud.autoconfigure.ConfigurationPropertiesRebinderAutoConfiguration' of type [org.springframework.cloud.autoconfigure.ConfigurationPropertiesRebinderAutoConfiguration$$EnhancerBySpringCGLIB$$4fd16aa9] is not eligible for getting processed by all BeanPostProcessors (for example: not eligible for auto-proxying)
[2021-02-13 01:18:40 WAT] INFO [Service Name -> bookstore-account-service], [TraceId -> ], [SpanId -> ] 
      <main> com.devd.spring.bookstoreaccountservice.BookstoreAccountServiceApplicationTests : The following profiles are active: local
[2021-02-13 01:18:44 WAT] INFO [Service Name -> bookstore-account-service], [TraceId -> ], [SpanId -> ] 
      <main> org.springframework.data.repository.config.RepositoryConfigurationDelegate : Bootstrapping Spring Data repositories in DEFAULT mode.
[2021-02-13 01:18:45 WAT] INFO [Service Name -> bookstore-account-service], [TraceId -> ], [SpanId -> ] 
      <main> org.springframework.data.repository.config.RepositoryConfigurationDelegate : Finished Spring Data repository scanning in 494ms. Found 3 repository interfaces.
[2021-02-13 01:18:45 WAT] WARN [Service Name -> bookstore-account-service], [TraceId -> ], [SpanId -> ] 
      <main> org.springframework.boot.actuate.endpoint.EndpointId : Endpoint ID 'service-registry' contains invalid characters, please migrate to a valid format.
[2021-02-13 01:18:47 WAT] INFO [Service Name -> bookstore-account-service], [TraceId -> ], [SpanId -> ] 
      <main> org.springframework.cloud.context.scope.GenericScope : BeanFactory id=7e6742ce-b34c-32b8-b0fa-ffa702f585db
[2021-02-13 01:18:47 WAT] INFO [Service Name -> bookstore-account-service], [TraceId -> ], [SpanId -> ] 
      <main> org.springframework.integration.config.DefaultConfiguringBeanFactoryPostProcessor : No bean named 'errorChannel' has been explicitly defined. Therefore, a default PublishSubscribeChannel will be created.
[2021-02-13 01:18:47 WAT] INFO [Service Name -> bookstore-account-service], [TraceId -> ], [SpanId -> ] 
      <main> org.springframework.integration.config.DefaultConfiguringBeanFactoryPostProcessor : No bean named 'taskScheduler' has been explicitly defined. Therefore, a default ThreadPoolTaskScheduler will be created.
[2021-02-13 01:18:47 WAT] INFO [Service Name -> bookstore-account-service], [TraceId -> ], [SpanId -> ] 
      <main> org.springframework.integration.config.DefaultConfiguringBeanFactoryPostProcessor : No bean named 'integrationHeaderChannelRegistry' has been explicitly defined. Therefore, a default DefaultHeaderChannelRegistry will be created.
[2021-02-13 01:18:48 WAT] INFO [Service Name -> bookstore-account-service], [TraceId -> ], [SpanId -> ] 
      <main> org.springframework.context.support.PostProcessorRegistrationDelegate$BeanPostProcessorChecker : Bean 'org.springframework.transaction.annotation.ProxyTransactionManagementConfiguration' of type [org.springframework.transaction.annotation.ProxyTransactionManagementConfiguration$$EnhancerBySpringCGLIB$$33b767ac] is not eligible for getting processed by all BeanPostProcessors (for example: not eligible for auto-proxying)
[2021-02-13 01:18:48 WAT] INFO [Service Name -> bookstore-account-service], [TraceId -> ], [SpanId -> ] 
      <main> org.springframework.context.support.PostProcessorRegistrationDelegate$BeanPostProcessorChecker : Bean 'org.springframework.security.config.annotation.configuration.ObjectPostProcessorConfiguration' of type [org.springframework.security.config.annotation.configuration.ObjectPostProcessorConfiguration$$EnhancerBySpringCGLIB$$cc652fe6] is not eligible for getting processed by all BeanPostProcessors (for example: not eligible for auto-proxying)
[2021-02-13 01:18:48 WAT] INFO [Service Name -> bookstore-account-service], [TraceId -> ], [SpanId -> ] 
      <main> org.springframework.context.support.PostProcessorRegistrationDelegate$BeanPostProcessorChecker : Bean 'objectPostProcessor' of type [org.springframework.security.config.annotation.configuration.AutowireBeanFactoryObjectPostProcessor] is not eligible for getting processed by all BeanPostProcessors (for example: not eligible for auto-proxying)
[2021-02-13 01:18:48 WAT] INFO [Service Name -> bookstore-account-service], [TraceId -> ], [SpanId -> ] 
      <main> org.springframework.context.support.PostProcessorRegistrationDelegate$BeanPostProcessorChecker : Bean 'org.springframework.security.access.expression.method.DefaultMethodSecurityExpressionHandler@1d2046bb' of type [org.springframework.security.access.expression.method.DefaultMethodSecurityExpressionHandler] is not eligible for getting processed by all BeanPostProcessors (for example: not eligible for auto-proxying)
[2021-02-13 01:18:48 WAT] INFO [Service Name -> bookstore-account-service], [TraceId -> ], [SpanId -> ] 
      <main> org.springframework.context.support.PostProcessorRegistrationDelegate$BeanPostProcessorChecker : Bean 'org.springframework.security.config.annotation.method.configuration.GlobalMethodSecurityConfiguration' of type [org.springframework.security.config.annotation.method.configuration.GlobalMethodSecurityConfiguration$$EnhancerBySpringCGLIB$$f139d298] is not eligible for getting processed by all BeanPostProcessors (for example: not eligible for auto-proxying)
[2021-02-13 01:18:48 WAT] INFO [Service Name -> bookstore-account-service], [TraceId -> ], [SpanId -> ] 
      <main> org.springframework.context.support.PostProcessorRegistrationDelegate$BeanPostProcessorChecker : Bean 'methodSecurityMetadataSource' of type [org.springframework.security.access.method.DelegatingMethodSecurityMetadataSource] is not eligible for getting processed by all BeanPostProcessors (for example: not eligible for auto-proxying)
[2021-02-13 01:18:49 WAT] INFO [Service Name -> bookstore-account-service], [TraceId -> ], [SpanId -> ] 
      <main> org.springframework.context.support.PostProcessorRegistrationDelegate$BeanPostProcessorChecker : Bean 'org.springframework.integration.config.IntegrationManagementConfiguration' of type [org.springframework.integration.config.IntegrationManagementConfiguration$$EnhancerBySpringCGLIB$$9ea922db] is not eligible for getting processed by all BeanPostProcessors (for example: not eligible for auto-proxying)
[2021-02-13 01:18:49 WAT] INFO [Service Name -> bookstore-account-service], [TraceId -> ], [SpanId -> ] 
      <main> org.springframework.context.support.PostProcessorRegistrationDelegate$BeanPostProcessorChecker : Bean 'integrationDisposableAutoCreatedBeans' of type [org.springframework.integration.config.annotation.Disposables] is not eligible for getting processed by all BeanPostProcessors (for example: not eligible for auto-proxying)
[2021-02-13 01:18:49 WAT] INFO [Service Name -> bookstore-account-service], [TraceId -> ], [SpanId -> ] 
      <main> org.springframework.context.support.PostProcessorRegistrationDelegate$BeanPostProcessorChecker : Bean 'org.springframework.cloud.autoconfigure.ConfigurationPropertiesRebinderAutoConfiguration' of type [org.springframework.cloud.autoconfigure.ConfigurationPropertiesRebinderAutoConfiguration$$EnhancerBySpringCGLIB$$4fd16aa9] is not eligible for getting processed by all BeanPostProcessors (for example: not eligible for auto-proxying)
[2021-02-13 01:18:50 WAT] INFO [Service Name -> bookstore-account-service], [TraceId -> ], [SpanId -> ] 
      <main> org.flywaydb.core.internal.license.VersionPrinter : Flyway Community Edition 5.2.4 by Boxfuse
[2021-02-13 01:18:50 WAT] INFO [Service Name -> bookstore-account-service], [TraceId -> ], [SpanId -> ] 
      <main> com.zaxxer.hikari.HikariDataSource : HikariPool-1 - Starting...
[2021-02-13 01:18:51 WAT] INFO [Service Name -> bookstore-account-service], [TraceId -> ], [SpanId -> ] 
      <main> com.zaxxer.hikari.HikariDataSource : HikariPool-1 - Start completed.
[2021-02-13 01:18:51 WAT] INFO [Service Name -> bookstore-account-service], [TraceId -> ], [SpanId -> ] 
      <main> org.flywaydb.core.internal.database.DatabaseFactory : Database: jdbc:h2:mem:bookstore_db (H2 1.4)
[2021-02-13 01:18:51 WAT] INFO [Service Name -> bookstore-account-service], [TraceId -> ], [SpanId -> ] 
      <main> org.flywaydb.core.internal.command.DbValidate : Successfully validated 2 migrations (execution time 00:00.089s)
[2021-02-13 01:18:51 WAT] INFO [Service Name -> bookstore-account-service], [TraceId -> ], [SpanId -> ] 
      <main> org.flywaydb.core.internal.schemahistory.JdbcTableSchemaHistory : Creating Schema History table: "PUBLIC"."account_service_flyway_history"
[2021-02-13 01:18:51 WAT] INFO [Service Name -> bookstore-account-service], [TraceId -> ], [SpanId -> ] 
      <main> org.flywaydb.core.internal.command.DbMigrate : Current version of schema "PUBLIC": << Empty Schema >>
[2021-02-13 01:18:51 WAT] INFO [Service Name -> bookstore-account-service], [TraceId -> ], [SpanId -> ] 
      <main> org.flywaydb.core.internal.command.DbMigrate : Migrating schema "PUBLIC" to version 1 - account service schema
[2021-02-13 01:18:51 WAT] INFO [Service Name -> bookstore-account-service], [TraceId -> ], [SpanId -> ] 
      <main> org.flywaydb.core.internal.command.DbMigrate : Migrating schema "PUBLIC" to version 2 - account service initial data
[2021-02-13 01:18:51 WAT] INFO [Service Name -> bookstore-account-service], [TraceId -> ], [SpanId -> ] 
      <main> org.flywaydb.core.internal.command.DbMigrate : Successfully applied 2 migrations to schema "PUBLIC" (execution time 00:00.260s)
[2021-02-13 01:18:52 WAT] INFO [Service Name -> bookstore-account-service], [TraceId -> ], [SpanId -> ] 
      <main> org.hibernate.jpa.internal.util.LogHelper : HHH000204: Processing PersistenceUnitInfo [
	name: default
	...]
[2021-02-13 01:18:52 WAT] INFO [Service Name -> bookstore-account-service], [TraceId -> ], [SpanId -> ] 
      <main> org.hibernate.Version : HHH000412: Hibernate Core {5.3.9.Final}
[2021-02-13 01:18:52 WAT] INFO [Service Name -> bookstore-account-service], [TraceId -> ], [SpanId -> ] 
      <main> org.hibernate.cfg.Environment : HHH000206: hibernate.properties not found
[2021-02-13 01:18:53 WAT] INFO [Service Name -> bookstore-account-service], [TraceId -> ], [SpanId -> ] 
      <main> org.hibernate.annotations.common.Version : HCANN000001: Hibernate Commons Annotations {5.0.4.Final}
[2021-02-13 01:18:54 WAT] INFO [Service Name -> bookstore-account-service], [TraceId -> ], [SpanId -> ] 
      <main> org.hibernate.dialect.Dialect : HHH000400: Using dialect: org.hibernate.dialect.H2Dialect
[2021-02-13 01:18:56 WAT] INFO [Service Name -> bookstore-account-service], [TraceId -> ], [SpanId -> ] 
      <main> org.springframework.orm.jpa.LocalContainerEntityManagerFactoryBean : Initialized JPA EntityManagerFactory for persistence unit 'default'
[2021-02-13 01:18:59 WAT] WARN [Service Name -> bookstore-account-service], [TraceId -> ], [SpanId -> ] 
      <main> com.netflix.config.sources.URLConfigurationSource : No URLs will be polled as dynamic configuration sources.
[2021-02-13 01:18:59 WAT] INFO [Service Name -> bookstore-account-service], [TraceId -> ], [SpanId -> ] 
      <main> com.netflix.config.sources.URLConfigurationSource : To enable URLs as dynamic configuration sources, define System property archaius.configurationSource.additionalUrls or make config.properties available on classpath.
[2021-02-13 01:18:59 WAT] INFO [Service Name -> bookstore-account-service], [TraceId -> ], [SpanId -> ] 
      <main> com.netflix.config.DynamicPropertyFactory : DynamicPropertyFactory is initialized with configuration sources: com.netflix.config.ConcurrentCompositeConfiguration@28705150
[2021-02-13 01:19:09 WAT] INFO [Service Name -> bookstore-account-service], [TraceId -> ], [SpanId -> ] 
      <main> org.springframework.boot.actuate.endpoint.web.EndpointLinksResolver : Exposing 22 endpoint(s) beneath base path '/actuator'
[2021-02-13 01:19:10 WAT] INFO [Service Name -> bookstore-account-service], [TraceId -> ], [SpanId -> ] 
      <main> springfox.documentation.spring.web.PropertySourcedRequestMappingHandlerMapping : Mapped URL path [/v2/api-docs] onto method [public org.springframework.http.ResponseEntity<springfox.documentation.spring.web.json.Json> springfox.documentation.swagger2.web.Swagger2Controller.getDocumentation(java.lang.String,javax.servlet.http.HttpServletRequest)]
[2021-02-13 01:19:11 WAT] INFO [Service Name -> bookstore-account-service], [TraceId -> ], [SpanId -> ] 
      <main> org.springframework.security.web.DefaultSecurityFilterChain : Creating filter chain: Ant [pattern='/v2/api-docs'], []
[2021-02-13 01:19:11 WAT] INFO [Service Name -> bookstore-account-service], [TraceId -> ], [SpanId -> ] 
      <main> org.springframework.security.web.DefaultSecurityFilterChain : Creating filter chain: Ant [pattern='/configuration/ui'], []
[2021-02-13 01:19:11 WAT] INFO [Service Name -> bookstore-account-service], [TraceId -> ], [SpanId -> ] 
      <main> org.springframework.security.web.DefaultSecurityFilterChain : Creating filter chain: Ant [pattern='/swagger-resources/**'], []
[2021-02-13 01:19:11 WAT] INFO [Service Name -> bookstore-account-service], [TraceId -> ], [SpanId -> ] 
      <main> org.springframework.security.web.DefaultSecurityFilterChain : Creating filter chain: Ant [pattern='/configuration/**'], []
[2021-02-13 01:19:11 WAT] INFO [Service Name -> bookstore-account-service], [TraceId -> ], [SpanId -> ] 
      <main> org.springframework.security.web.DefaultSecurityFilterChain : Creating filter chain: Ant [pattern='/swagger-ui.html'], []
[2021-02-13 01:19:11 WAT] INFO [Service Name -> bookstore-account-service], [TraceId -> ], [SpanId -> ] 
      <main> org.springframework.security.web.DefaultSecurityFilterChain : Creating filter chain: Ant [pattern='/webjars/**'], []
[2021-02-13 01:19:12 WAT] INFO [Service Name -> bookstore-account-service], [TraceId -> ], [SpanId -> ] 
      <main> org.springframework.security.web.DefaultSecurityFilterChain : Creating filter chain: OrRequestMatcher [requestMatchers=[Ant [pattern='/oauth/token'], Ant [pattern='/oauth/token_key'], Ant [pattern='/oauth/check_token']]], [org.springframework.security.web.context.request.async.WebAsyncManagerIntegrationFilter@16263fb2, org.springframework.security.web.context.SecurityContextPersistenceFilter@7a6ade2c, org.springframework.security.web.header.HeaderWriterFilter@49c3487f, org.springframework.security.web.authentication.logout.LogoutFilter@269a37bc, org.springframework.security.web.authentication.www.BasicAuthenticationFilter@2b3fd4d2, org.springframework.security.web.savedrequest.RequestCacheAwareFilter@56a34c0e, org.springframework.security.web.servletapi.SecurityContextHolderAwareRequestFilter@1a56cb99, org.springframework.security.web.authentication.AnonymousAuthenticationFilter@52b4da7c, org.springframework.security.web.session.SessionManagementFilter@53115ee0, org.springframework.security.web.access.ExceptionTranslationFilter@718198db, org.springframework.security.web.access.intercept.FilterSecurityInterceptor@4fdea2de]
[2021-02-13 01:19:12 WAT] INFO [Service Name -> bookstore-account-service], [TraceId -> ], [SpanId -> ] 
      <main> org.springframework.security.web.DefaultSecurityFilterChain : Creating filter chain: org.springframework.security.oauth2.config.annotation.web.configuration.ResourceServerConfiguration$NotOAuthRequestMatcher@65e639f2, [org.springframework.security.web.context.request.async.WebAsyncManagerIntegrationFilter@54a1a6a8, org.springframework.security.web.context.SecurityContextPersistenceFilter@6049b4c9, org.springframework.security.web.header.HeaderWriterFilter@23938caa, org.springframework.security.web.authentication.logout.LogoutFilter@7225583d, org.springframework.security.oauth2.provider.authentication.OAuth2AuthenticationProcessingFilter@62857555, org.springframework.security.web.savedrequest.RequestCacheAwareFilter@76958827, org.springframework.security.web.servletapi.SecurityContextHolderAwareRequestFilter@495cac83, org.springframework.security.web.authentication.AnonymousAuthenticationFilter@7cba8293, org.springframework.security.web.session.SessionManagementFilter@643bef2a, org.springframework.security.web.access.ExceptionTranslationFilter@465a121d, org.springframework.security.web.access.intercept.FilterSecurityInterceptor@7294c9fe]
[2021-02-13 01:19:12 WAT] INFO [Service Name -> bookstore-account-service], [TraceId -> ], [SpanId -> ] 
      <main> org.springframework.security.web.DefaultSecurityFilterChain : Creating filter chain: any request, [org.springframework.security.web.context.request.async.WebAsyncManagerIntegrationFilter@47db5b8f, org.springframework.security.web.context.SecurityContextPersistenceFilter@2be89ba5, org.springframework.security.web.header.HeaderWriterFilter@28f663de, org.springframework.security.web.authentication.logout.LogoutFilter@43f23338, org.springframework.security.web.authentication.www.BasicAuthenticationFilter@2ca8bd50, org.springframework.security.web.savedrequest.RequestCacheAwareFilter@408573b1, org.springframework.security.web.servletapi.SecurityContextHolderAwareRequestFilter@5b7600ec, org.springframework.security.web.authentication.AnonymousAuthenticationFilter@2c4142f8, org.springframework.security.web.session.SessionManagementFilter@7a3c541e, org.springframework.security.web.access.ExceptionTranslationFilter@3cdafb82]
[2021-02-13 01:19:13 WAT] WARN [Service Name -> bookstore-account-service], [TraceId -> ], [SpanId -> ] 
      <main> com.netflix.config.sources.URLConfigurationSource : No URLs will be polled as dynamic configuration sources.
[2021-02-13 01:19:13 WAT] INFO [Service Name -> bookstore-account-service], [TraceId -> ], [SpanId -> ] 
      <main> com.netflix.config.sources.URLConfigurationSource : To enable URLs as dynamic configuration sources, define System property archaius.configurationSource.additionalUrls or make config.properties available on classpath.
[2021-02-13 01:19:14 WAT] INFO [Service Name -> bookstore-account-service], [TraceId -> ], [SpanId -> ] 
      <main> org.springframework.scheduling.concurrent.ThreadPoolTaskExecutor : Initializing ExecutorService 'applicationTaskExecutor'
[2021-02-13 01:19:24 WAT] WARN [Service Name -> bookstore-account-service], [TraceId -> ], [SpanId -> ] 
      <main> org.springframework.cloud.netflix.core.CoreAutoConfiguration : This module is deprecated. It will be removed in the next major release. Please use spring-cloud-netflix-hystrix instead.
[2021-02-13 01:19:25 WAT] INFO [Service Name -> bookstore-account-service], [TraceId -> ], [SpanId -> ] 
      <main> org.springframework.scheduling.concurrent.ThreadPoolTaskScheduler : Initializing ExecutorService 'taskScheduler'
[2021-02-13 01:19:26 WAT] INFO [Service Name -> bookstore-account-service], [TraceId -> ], [SpanId -> ] 
      <main> org.springframework.integration.endpoint.EventDrivenConsumer : Adding {logging-channel-adapter:_org.springframework.integration.errorLogger} as a subscriber to the 'errorChannel' channel
[2021-02-13 01:19:26 WAT] INFO [Service Name -> bookstore-account-service], [TraceId -> ], [SpanId -> ] 
      <main> org.springframework.integration.channel.PublishSubscribeChannel : Channel 'bookstore-account-service-1.errorChannel' has 1 subscriber(s).
[2021-02-13 01:19:26 WAT] INFO [Service Name -> bookstore-account-service], [TraceId -> ], [SpanId -> ] 
      <main> org.springframework.integration.endpoint.EventDrivenConsumer : started _org.springframework.integration.errorLogger
[2021-02-13 01:19:26 WAT] INFO [Service Name -> bookstore-account-service], [TraceId -> ], [SpanId -> ] 
      <main> springfox.documentation.spring.web.plugins.DocumentationPluginsBootstrapper : Context refreshed
[2021-02-13 01:19:26 WAT] INFO [Service Name -> bookstore-account-service], [TraceId -> ], [SpanId -> ] 
      <main> springfox.documentation.spring.web.plugins.DocumentationPluginsBootstrapper : Found 1 custom documentation plugin(s)
[2021-02-13 01:19:26 WAT] INFO [Service Name -> bookstore-account-service], [TraceId -> ], [SpanId -> ] 
      <main> springfox.documentation.spring.web.scanners.ApiListingReferenceScanner : Scanning for api listing references
[2021-02-13 01:19:27 WAT] INFO [Service Name -> bookstore-account-service], [TraceId -> ], [SpanId -> ] 
      <main> com.devd.spring.bookstoreaccountservice.BookstoreAccountServiceApplicationTests : Started BookstoreAccountServiceApplicationTests in 51.93 seconds (JVM running for 54.658)
[2021-02-13 01:19:27 WAT] INFO [Service Name -> bookstore-account-service], [TraceId -> ], [SpanId -> ] 
      <Thread-5> org.springframework.cloud.netflix.eureka.InstanceInfoFactory : Setting initial instance status as: STARTING
[2021-02-13 01:19:27 WAT] INFO [Service Name -> bookstore-account-service], [TraceId -> ], [SpanId -> ] 
      <Thread-5> org.springframework.cloud.netflix.eureka.serviceregistry.EurekaServiceRegistry : Unregistering application BOOKSTORE-ACCOUNT-SERVICE with eureka with status DOWN
[2021-02-13 01:19:27 WAT] INFO [Service Name -> bookstore-account-service], [TraceId -> ], [SpanId -> ] 
      <Thread-5> org.springframework.integration.endpoint.EventDrivenConsumer : Removing {logging-channel-adapter:_org.springframework.integration.errorLogger} as a subscriber to the 'errorChannel' channel
[2021-02-13 01:19:27 WAT] INFO [Service Name -> bookstore-account-service], [TraceId -> ], [SpanId -> ] 
      <Thread-5> org.springframework.integration.channel.PublishSubscribeChannel : Channel 'bookstore-account-service-1.errorChannel' has 0 subscriber(s).
[2021-02-13 01:19:27 WAT] INFO [Service Name -> bookstore-account-service], [TraceId -> ], [SpanId -> ] 
      <Thread-5> org.springframework.integration.endpoint.EventDrivenConsumer : stopped _org.springframework.integration.errorLogger
[2021-02-13 01:19:27 WAT] INFO [Service Name -> bookstore-account-service], [TraceId -> ], [SpanId -> ] 
      <Thread-5> org.springframework.scheduling.concurrent.ThreadPoolTaskScheduler : Shutting down ExecutorService 'taskScheduler'
[2021-02-13 01:19:28 WAT] INFO [Service Name -> bookstore-account-service], [TraceId -> ], [SpanId -> ] 
      <Thread-5> org.springframework.scheduling.concurrent.ThreadPoolTaskExecutor : Shutting down ExecutorService 'applicationTaskExecutor'
[2021-02-13 01:19:28 WAT] INFO [Service Name -> bookstore-account-service], [TraceId -> ], [SpanId -> ] 
      <Thread-5> org.springframework.orm.jpa.LocalContainerEntityManagerFactoryBean : Closing JPA EntityManagerFactory for persistence unit 'default'
[2021-02-13 01:19:28 WAT] INFO [Service Name -> bookstore-account-service], [TraceId -> ], [SpanId -> ] 
      <Thread-5> com.zaxxer.hikari.HikariDataSource : HikariPool-1 - Shutdown initiated...
[2021-02-13 01:19:28 WAT] INFO [Service Name -> bookstore-account-service], [TraceId -> ], [SpanId -> ] 
      <Thread-5> com.zaxxer.hikari.HikariDataSource : HikariPool-1 - Shutdown completed.
